<?xml version="1.0" encoding="UTF-8"?>
<testng-results skipped="0" failed="0" ignored="0" total="140" passed="140">
  <reporter-output>
  </reporter-output>
  <suite name="Default suite" duration-ms="28098" started-at="2021-09-10T04:20:03 EDT" finished-at="2021-09-10T04:20:31 EDT">
    <groups>
    </groups>
    <test name="Default test" duration-ms="28098" started-at="2021-09-10T04:20:03 EDT" finished-at="2021-09-10T04:20:31 EDT">
      <class name="qa.tests.Iteration4Test">
        <test-method status="PASS" signature="startApp()[pri:0, instance:qa.tests.Iteration4Test@2a742aa2]" name="startApp" is-config="true" duration-ms="1815" started-at="2021-09-10T04:20:03 EDT" finished-at="2021-09-10T04:20:04 EDT">
          <reporter-output>
          </reporter-output>
        </test-method> <!-- startApp -->
        <test-method status="PASS" signature="iteration4(java.lang.String,java.lang.String,java.lang.String)[pri:0, instance:qa.tests.Iteration4Test@2a742aa2]" name="iteration4" duration-ms="232" started-at="2021-09-10T04:20:04 EDT" data-provider="iteration1DataProvider" finished-at="2021-09-10T04:20:05 EDT">
          <params>
            <param index="0">
              <value>
                <![CDATA[null  ]]>
              </value>
            </param>
            <param index="1">
              <value>
                <![CDATA[F]]>
              </value>
            </param>
            <param index="2">
              <value>
                <![CDATA[normal]]>
              </value>
            </param>
          </params>
          <reporter-output>
          </reporter-output>
        </test-method> <!-- iteration4 -->
        <test-method status="PASS" signature="iteration4(java.lang.String,java.lang.String,java.lang.String)[pri:0, instance:qa.tests.Iteration4Test@2a742aa2]" name="iteration4" duration-ms="228" started-at="2021-09-10T04:20:05 EDT" data-provider="iteration1DataProvider" finished-at="2021-09-10T04:20:05 EDT">
          <params>
            <param index="0">
              <value>
                <![CDATA[null     ]]>
              </value>
            </param>
            <param index="1">
              <value>
                <![CDATA[F]]>
              </value>
            </param>
            <param index="2">
              <value>
                <![CDATA[admin]]>
              </value>
            </param>
          </params>
          <reporter-output>
          </reporter-output>
        </test-method> <!-- iteration4 -->
        <test-method status="PASS" signature="iteration4(java.lang.String,java.lang.String,java.lang.String)[pri:0, instance:qa.tests.Iteration4Test@2a742aa2]" name="iteration4" duration-ms="199" started-at="2021-09-10T04:20:05 EDT" data-provider="iteration1DataProvider" finished-at="2021-09-10T04:20:05 EDT">
          <params>
            <param index="0">
              <value>
                <![CDATA[null    !]]>
              </value>
            </param>
            <param index="1">
              <value>
                <![CDATA[F]]>
              </value>
            </param>
            <param index="2">
              <value>
                <![CDATA[admin]]>
              </value>
            </param>
          </params>
          <reporter-output>
          </reporter-output>
        </test-method> <!-- iteration4 -->
        <test-method status="PASS" signature="iteration4(java.lang.String,java.lang.String,java.lang.String)[pri:0, instance:qa.tests.Iteration4Test@2a742aa2]" name="iteration4" duration-ms="184" started-at="2021-09-10T04:20:05 EDT" data-provider="iteration1DataProvider" finished-at="2021-09-10T04:20:05 EDT">
          <params>
            <param index="0">
              <value>
                <![CDATA[null  @#$]]>
              </value>
            </param>
            <param index="1">
              <value>
                <![CDATA[F]]>
              </value>
            </param>
            <param index="2">
              <value>
                <![CDATA[admin]]>
              </value>
            </param>
          </params>
          <reporter-output>
          </reporter-output>
        </test-method> <!-- iteration4 -->
        <test-method status="PASS" signature="iteration4(java.lang.String,java.lang.String,java.lang.String)[pri:0, instance:qa.tests.Iteration4Test@2a742aa2]" name="iteration4" duration-ms="184" started-at="2021-09-10T04:20:05 EDT" data-provider="iteration1DataProvider" finished-at="2021-09-10T04:20:05 EDT">
          <params>
            <param index="0">
              <value>
                <![CDATA[null %^&*]]>
              </value>
            </param>
            <param index="1">
              <value>
                <![CDATA[F]]>
              </value>
            </param>
            <param index="2">
              <value>
                <![CDATA[admin]]>
              </value>
            </param>
          </params>
          <reporter-output>
          </reporter-output>
        </test-method> <!-- iteration4 -->
        <test-method status="PASS" signature="iteration4(java.lang.String,java.lang.String,java.lang.String)[pri:0, instance:qa.tests.Iteration4Test@2a742aa2]" name="iteration4" duration-ms="202" started-at="2021-09-10T04:20:05 EDT" data-provider="iteration1DataProvider" finished-at="2021-09-10T04:20:06 EDT">
          <params>
            <param index="0">
              <value>
                <![CDATA[       ]]>
              </value>
            </param>
            <param index="1">
              <value>
                <![CDATA[F]]>
              </value>
            </param>
            <param index="2">
              <value>
                <![CDATA[normal]]>
              </value>
            </param>
          </params>
          <reporter-output>
          </reporter-output>
        </test-method> <!-- iteration4 -->
        <test-method status="PASS" signature="iteration4(java.lang.String,java.lang.String,java.lang.String)[pri:0, instance:qa.tests.Iteration4Test@2a742aa2]" name="iteration4" duration-ms="215" started-at="2021-09-10T04:20:06 EDT" data-provider="iteration1DataProvider" finished-at="2021-09-10T04:20:06 EDT">
          <params>
            <param index="0">
              <value>
                <![CDATA[          ]]>
              </value>
            </param>
            <param index="1">
              <value>
                <![CDATA[F]]>
              </value>
            </param>
            <param index="2">
              <value>
                <![CDATA[admin]]>
              </value>
            </param>
          </params>
          <reporter-output>
          </reporter-output>
        </test-method> <!-- iteration4 -->
        <test-method status="PASS" signature="iteration4(java.lang.String,java.lang.String,java.lang.String)[pri:0, instance:qa.tests.Iteration4Test@2a742aa2]" name="iteration4" duration-ms="204" started-at="2021-09-10T04:20:06 EDT" data-provider="iteration1DataProvider" finished-at="2021-09-10T04:20:06 EDT">
          <params>
            <param index="0">
              <value>
                <![CDATA[         !]]>
              </value>
            </param>
            <param index="1">
              <value>
                <![CDATA[F]]>
              </value>
            </param>
            <param index="2">
              <value>
                <![CDATA[admin]]>
              </value>
            </param>
          </params>
          <reporter-output>
          </reporter-output>
        </test-method> <!-- iteration4 -->
        <test-method status="PASS" signature="iteration4(java.lang.String,java.lang.String,java.lang.String)[pri:0, instance:qa.tests.Iteration4Test@2a742aa2]" name="iteration4" duration-ms="171" started-at="2021-09-10T04:20:06 EDT" data-provider="iteration1DataProvider" finished-at="2021-09-10T04:20:06 EDT">
          <params>
            <param index="0">
              <value>
                <![CDATA[       @#$]]>
              </value>
            </param>
            <param index="1">
              <value>
                <![CDATA[F]]>
              </value>
            </param>
            <param index="2">
              <value>
                <![CDATA[admin]]>
              </value>
            </param>
          </params>
          <reporter-output>
          </reporter-output>
        </test-method> <!-- iteration4 -->
        <test-method status="PASS" signature="iteration4(java.lang.String,java.lang.String,java.lang.String)[pri:0, instance:qa.tests.Iteration4Test@2a742aa2]" name="iteration4" duration-ms="170" started-at="2021-09-10T04:20:06 EDT" data-provider="iteration1DataProvider" finished-at="2021-09-10T04:20:06 EDT">
          <params>
            <param index="0">
              <value>
                <![CDATA[      %^&*]]>
              </value>
            </param>
            <param index="1">
              <value>
                <![CDATA[F]]>
              </value>
            </param>
            <param index="2">
              <value>
                <![CDATA[admin]]>
              </value>
            </param>
          </params>
          <reporter-output>
          </reporter-output>
        </test-method> <!-- iteration4 -->
        <test-method status="PASS" signature="iteration4(java.lang.String,java.lang.String,java.lang.String)[pri:0, instance:qa.tests.Iteration4Test@2a742aa2]" name="iteration4" duration-ms="189" started-at="2021-09-10T04:20:06 EDT" data-provider="iteration1DataProvider" finished-at="2021-09-10T04:20:07 EDT">
          <params>
            <param index="0">
              <value>
                <![CDATA[a       ]]>
              </value>
            </param>
            <param index="1">
              <value>
                <![CDATA[F]]>
              </value>
            </param>
            <param index="2">
              <value>
                <![CDATA[normal]]>
              </value>
            </param>
          </params>
          <reporter-output>
          </reporter-output>
        </test-method> <!-- iteration4 -->
        <test-method status="PASS" signature="iteration4(java.lang.String,java.lang.String,java.lang.String)[pri:0, instance:qa.tests.Iteration4Test@2a742aa2]" name="iteration4" duration-ms="190" started-at="2021-09-10T04:20:07 EDT" data-provider="iteration1DataProvider" finished-at="2021-09-10T04:20:07 EDT">
          <params>
            <param index="0">
              <value>
                <![CDATA[a          ]]>
              </value>
            </param>
            <param index="1">
              <value>
                <![CDATA[F]]>
              </value>
            </param>
            <param index="2">
              <value>
                <![CDATA[admin]]>
              </value>
            </param>
          </params>
          <reporter-output>
          </reporter-output>
        </test-method> <!-- iteration4 -->
        <test-method status="PASS" signature="iteration4(java.lang.String,java.lang.String,java.lang.String)[pri:0, instance:qa.tests.Iteration4Test@2a742aa2]" name="iteration4" duration-ms="171" started-at="2021-09-10T04:20:07 EDT" data-provider="iteration1DataProvider" finished-at="2021-09-10T04:20:07 EDT">
          <params>
            <param index="0">
              <value>
                <![CDATA[a         !]]>
              </value>
            </param>
            <param index="1">
              <value>
                <![CDATA[F]]>
              </value>
            </param>
            <param index="2">
              <value>
                <![CDATA[admin]]>
              </value>
            </param>
          </params>
          <reporter-output>
          </reporter-output>
        </test-method> <!-- iteration4 -->
        <test-method status="PASS" signature="iteration4(java.lang.String,java.lang.String,java.lang.String)[pri:0, instance:qa.tests.Iteration4Test@2a742aa2]" name="iteration4" duration-ms="173" started-at="2021-09-10T04:20:07 EDT" data-provider="iteration1DataProvider" finished-at="2021-09-10T04:20:07 EDT">
          <params>
            <param index="0">
              <value>
                <![CDATA[a       @#$]]>
              </value>
            </param>
            <param index="1">
              <value>
                <![CDATA[F]]>
              </value>
            </param>
            <param index="2">
              <value>
                <![CDATA[admin]]>
              </value>
            </param>
          </params>
          <reporter-output>
          </reporter-output>
        </test-method> <!-- iteration4 -->
        <test-method status="PASS" signature="iteration4(java.lang.String,java.lang.String,java.lang.String)[pri:0, instance:qa.tests.Iteration4Test@2a742aa2]" name="iteration4" duration-ms="174" started-at="2021-09-10T04:20:07 EDT" data-provider="iteration1DataProvider" finished-at="2021-09-10T04:20:07 EDT">
          <params>
            <param index="0">
              <value>
                <![CDATA[a      %^&*]]>
              </value>
            </param>
            <param index="1">
              <value>
                <![CDATA[F]]>
              </value>
            </param>
            <param index="2">
              <value>
                <![CDATA[admin]]>
              </value>
            </param>
          </params>
          <reporter-output>
          </reporter-output>
        </test-method> <!-- iteration4 -->
        <test-method status="PASS" signature="iteration4(java.lang.String,java.lang.String,java.lang.String)[pri:0, instance:qa.tests.Iteration4Test@2a742aa2]" name="iteration4" duration-ms="186" started-at="2021-09-10T04:20:07 EDT" data-provider="iteration1DataProvider" finished-at="2021-09-10T04:20:07 EDT">
          <params>
            <param index="0">
              <value>
                <![CDATA[aa      ]]>
              </value>
            </param>
            <param index="1">
              <value>
                <![CDATA[F]]>
              </value>
            </param>
            <param index="2">
              <value>
                <![CDATA[normal]]>
              </value>
            </param>
          </params>
          <reporter-output>
          </reporter-output>
        </test-method> <!-- iteration4 -->
        <test-method status="PASS" signature="iteration4(java.lang.String,java.lang.String,java.lang.String)[pri:0, instance:qa.tests.Iteration4Test@2a742aa2]" name="iteration4" duration-ms="190" started-at="2021-09-10T04:20:07 EDT" data-provider="iteration1DataProvider" finished-at="2021-09-10T04:20:08 EDT">
          <params>
            <param index="0">
              <value>
                <![CDATA[aa         ]]>
              </value>
            </param>
            <param index="1">
              <value>
                <![CDATA[F]]>
              </value>
            </param>
            <param index="2">
              <value>
                <![CDATA[admin]]>
              </value>
            </param>
          </params>
          <reporter-output>
          </reporter-output>
        </test-method> <!-- iteration4 -->
        <test-method status="PASS" signature="iteration4(java.lang.String,java.lang.String,java.lang.String)[pri:0, instance:qa.tests.Iteration4Test@2a742aa2]" name="iteration4" duration-ms="172" started-at="2021-09-10T04:20:08 EDT" data-provider="iteration1DataProvider" finished-at="2021-09-10T04:20:08 EDT">
          <params>
            <param index="0">
              <value>
                <![CDATA[aa        !]]>
              </value>
            </param>
            <param index="1">
              <value>
                <![CDATA[F]]>
              </value>
            </param>
            <param index="2">
              <value>
                <![CDATA[admin]]>
              </value>
            </param>
          </params>
          <reporter-output>
          </reporter-output>
        </test-method> <!-- iteration4 -->
        <test-method status="PASS" signature="iteration4(java.lang.String,java.lang.String,java.lang.String)[pri:0, instance:qa.tests.Iteration4Test@2a742aa2]" name="iteration4" duration-ms="175" started-at="2021-09-10T04:20:08 EDT" data-provider="iteration1DataProvider" finished-at="2021-09-10T04:20:08 EDT">
          <params>
            <param index="0">
              <value>
                <![CDATA[aa      @#$]]>
              </value>
            </param>
            <param index="1">
              <value>
                <![CDATA[F]]>
              </value>
            </param>
            <param index="2">
              <value>
                <![CDATA[admin]]>
              </value>
            </param>
          </params>
          <reporter-output>
          </reporter-output>
        </test-method> <!-- iteration4 -->
        <test-method status="PASS" signature="iteration4(java.lang.String,java.lang.String,java.lang.String)[pri:0, instance:qa.tests.Iteration4Test@2a742aa2]" name="iteration4" duration-ms="175" started-at="2021-09-10T04:20:08 EDT" data-provider="iteration1DataProvider" finished-at="2021-09-10T04:20:08 EDT">
          <params>
            <param index="0">
              <value>
                <![CDATA[aa     %^&*]]>
              </value>
            </param>
            <param index="1">
              <value>
                <![CDATA[F]]>
              </value>
            </param>
            <param index="2">
              <value>
                <![CDATA[admin]]>
              </value>
            </param>
          </params>
          <reporter-output>
          </reporter-output>
        </test-method> <!-- iteration4 -->
        <test-method status="PASS" signature="iteration4(java.lang.String,java.lang.String,java.lang.String)[pri:0, instance:qa.tests.Iteration4Test@2a742aa2]" name="iteration4" duration-ms="191" started-at="2021-09-10T04:20:08 EDT" data-provider="iteration1DataProvider" finished-at="2021-09-10T04:20:08 EDT">
          <params>
            <param index="0">
              <value>
                <![CDATA[1       ]]>
              </value>
            </param>
            <param index="1">
              <value>
                <![CDATA[F]]>
              </value>
            </param>
            <param index="2">
              <value>
                <![CDATA[normal]]>
              </value>
            </param>
          </params>
          <reporter-output>
          </reporter-output>
        </test-method> <!-- iteration4 -->
        <test-method status="PASS" signature="iteration4(java.lang.String,java.lang.String,java.lang.String)[pri:0, instance:qa.tests.Iteration4Test@2a742aa2]" name="iteration4" duration-ms="189" started-at="2021-09-10T04:20:08 EDT" data-provider="iteration1DataProvider" finished-at="2021-09-10T04:20:09 EDT">
          <params>
            <param index="0">
              <value>
                <![CDATA[1          ]]>
              </value>
            </param>
            <param index="1">
              <value>
                <![CDATA[F]]>
              </value>
            </param>
            <param index="2">
              <value>
                <![CDATA[admin]]>
              </value>
            </param>
          </params>
          <reporter-output>
          </reporter-output>
        </test-method> <!-- iteration4 -->
        <test-method status="PASS" signature="iteration4(java.lang.String,java.lang.String,java.lang.String)[pri:0, instance:qa.tests.Iteration4Test@2a742aa2]" name="iteration4" duration-ms="175" started-at="2021-09-10T04:20:09 EDT" data-provider="iteration1DataProvider" finished-at="2021-09-10T04:20:09 EDT">
          <params>
            <param index="0">
              <value>
                <![CDATA[1         !]]>
              </value>
            </param>
            <param index="1">
              <value>
                <![CDATA[F]]>
              </value>
            </param>
            <param index="2">
              <value>
                <![CDATA[admin]]>
              </value>
            </param>
          </params>
          <reporter-output>
          </reporter-output>
        </test-method> <!-- iteration4 -->
        <test-method status="PASS" signature="iteration4(java.lang.String,java.lang.String,java.lang.String)[pri:0, instance:qa.tests.Iteration4Test@2a742aa2]" name="iteration4" duration-ms="171" started-at="2021-09-10T04:20:09 EDT" data-provider="iteration1DataProvider" finished-at="2021-09-10T04:20:09 EDT">
          <params>
            <param index="0">
              <value>
                <![CDATA[1       @#$]]>
              </value>
            </param>
            <param index="1">
              <value>
                <![CDATA[F]]>
              </value>
            </param>
            <param index="2">
              <value>
                <![CDATA[admin]]>
              </value>
            </param>
          </params>
          <reporter-output>
          </reporter-output>
        </test-method> <!-- iteration4 -->
        <test-method status="PASS" signature="iteration4(java.lang.String,java.lang.String,java.lang.String)[pri:0, instance:qa.tests.Iteration4Test@2a742aa2]" name="iteration4" duration-ms="168" started-at="2021-09-10T04:20:09 EDT" data-provider="iteration1DataProvider" finished-at="2021-09-10T04:20:09 EDT">
          <params>
            <param index="0">
              <value>
                <![CDATA[1      %^&*]]>
              </value>
            </param>
            <param index="1">
              <value>
                <![CDATA[F]]>
              </value>
            </param>
            <param index="2">
              <value>
                <![CDATA[admin]]>
              </value>
            </param>
          </params>
          <reporter-output>
          </reporter-output>
        </test-method> <!-- iteration4 -->
        <test-method status="PASS" signature="iteration4(java.lang.String,java.lang.String,java.lang.String)[pri:0, instance:qa.tests.Iteration4Test@2a742aa2]" name="iteration4" duration-ms="188" started-at="2021-09-10T04:20:09 EDT" data-provider="iteration1DataProvider" finished-at="2021-09-10T04:20:09 EDT">
          <params>
            <param index="0">
              <value>
                <![CDATA[1a     ]]>
              </value>
            </param>
            <param index="1">
              <value>
                <![CDATA[F]]>
              </value>
            </param>
            <param index="2">
              <value>
                <![CDATA[normal]]>
              </value>
            </param>
          </params>
          <reporter-output>
          </reporter-output>
        </test-method> <!-- iteration4 -->
        <test-method status="PASS" signature="iteration4(java.lang.String,java.lang.String,java.lang.String)[pri:0, instance:qa.tests.Iteration4Test@2a742aa2]" name="iteration4" duration-ms="189" started-at="2021-09-10T04:20:09 EDT" data-provider="iteration1DataProvider" finished-at="2021-09-10T04:20:09 EDT">
          <params>
            <param index="0">
              <value>
                <![CDATA[1a        ]]>
              </value>
            </param>
            <param index="1">
              <value>
                <![CDATA[F]]>
              </value>
            </param>
            <param index="2">
              <value>
                <![CDATA[admin]]>
              </value>
            </param>
          </params>
          <reporter-output>
          </reporter-output>
        </test-method> <!-- iteration4 -->
        <test-method status="PASS" signature="iteration4(java.lang.String,java.lang.String,java.lang.String)[pri:0, instance:qa.tests.Iteration4Test@2a742aa2]" name="iteration4" duration-ms="172" started-at="2021-09-10T04:20:09 EDT" data-provider="iteration1DataProvider" finished-at="2021-09-10T04:20:10 EDT">
          <params>
            <param index="0">
              <value>
                <![CDATA[1a       !]]>
              </value>
            </param>
            <param index="1">
              <value>
                <![CDATA[F]]>
              </value>
            </param>
            <param index="2">
              <value>
                <![CDATA[admin]]>
              </value>
            </param>
          </params>
          <reporter-output>
          </reporter-output>
        </test-method> <!-- iteration4 -->
        <test-method status="PASS" signature="iteration4(java.lang.String,java.lang.String,java.lang.String)[pri:0, instance:qa.tests.Iteration4Test@2a742aa2]" name="iteration4" duration-ms="175" started-at="2021-09-10T04:20:10 EDT" data-provider="iteration1DataProvider" finished-at="2021-09-10T04:20:10 EDT">
          <params>
            <param index="0">
              <value>
                <![CDATA[1a     @#$]]>
              </value>
            </param>
            <param index="1">
              <value>
                <![CDATA[F]]>
              </value>
            </param>
            <param index="2">
              <value>
                <![CDATA[admin]]>
              </value>
            </param>
          </params>
          <reporter-output>
          </reporter-output>
        </test-method> <!-- iteration4 -->
        <test-method status="PASS" signature="iteration4(java.lang.String,java.lang.String,java.lang.String)[pri:0, instance:qa.tests.Iteration4Test@2a742aa2]" name="iteration4" duration-ms="170" started-at="2021-09-10T04:20:10 EDT" data-provider="iteration1DataProvider" finished-at="2021-09-10T04:20:10 EDT">
          <params>
            <param index="0">
              <value>
                <![CDATA[1a    %^&*]]>
              </value>
            </param>
            <param index="1">
              <value>
                <![CDATA[F]]>
              </value>
            </param>
            <param index="2">
              <value>
                <![CDATA[admin]]>
              </value>
            </param>
          </params>
          <reporter-output>
          </reporter-output>
        </test-method> <!-- iteration4 -->
        <test-method status="PASS" signature="iteration4(java.lang.String,java.lang.String,java.lang.String)[pri:0, instance:qa.tests.Iteration4Test@2a742aa2]" name="iteration4" duration-ms="185" started-at="2021-09-10T04:20:10 EDT" data-provider="iteration1DataProvider" finished-at="2021-09-10T04:20:10 EDT">
          <params>
            <param index="0">
              <value>
                <![CDATA[1aa   ]]>
              </value>
            </param>
            <param index="1">
              <value>
                <![CDATA[F]]>
              </value>
            </param>
            <param index="2">
              <value>
                <![CDATA[normal]]>
              </value>
            </param>
          </params>
          <reporter-output>
          </reporter-output>
        </test-method> <!-- iteration4 -->
        <test-method status="PASS" signature="iteration4(java.lang.String,java.lang.String,java.lang.String)[pri:0, instance:qa.tests.Iteration4Test@2a742aa2]" name="iteration4" duration-ms="186" started-at="2021-09-10T04:20:10 EDT" data-provider="iteration1DataProvider" finished-at="2021-09-10T04:20:10 EDT">
          <params>
            <param index="0">
              <value>
                <![CDATA[1aa      ]]>
              </value>
            </param>
            <param index="1">
              <value>
                <![CDATA[F]]>
              </value>
            </param>
            <param index="2">
              <value>
                <![CDATA[admin]]>
              </value>
            </param>
          </params>
          <reporter-output>
          </reporter-output>
        </test-method> <!-- iteration4 -->
        <test-method status="PASS" signature="iteration4(java.lang.String,java.lang.String,java.lang.String)[pri:0, instance:qa.tests.Iteration4Test@2a742aa2]" name="iteration4" duration-ms="169" started-at="2021-09-10T04:20:10 EDT" data-provider="iteration1DataProvider" finished-at="2021-09-10T04:20:11 EDT">
          <params>
            <param index="0">
              <value>
                <![CDATA[1aa     !]]>
              </value>
            </param>
            <param index="1">
              <value>
                <![CDATA[F]]>
              </value>
            </param>
            <param index="2">
              <value>
                <![CDATA[admin]]>
              </value>
            </param>
          </params>
          <reporter-output>
          </reporter-output>
        </test-method> <!-- iteration4 -->
        <test-method status="PASS" signature="iteration4(java.lang.String,java.lang.String,java.lang.String)[pri:0, instance:qa.tests.Iteration4Test@2a742aa2]" name="iteration4" duration-ms="173" started-at="2021-09-10T04:20:11 EDT" data-provider="iteration1DataProvider" finished-at="2021-09-10T04:20:11 EDT">
          <params>
            <param index="0">
              <value>
                <![CDATA[1aa   @#$]]>
              </value>
            </param>
            <param index="1">
              <value>
                <![CDATA[F]]>
              </value>
            </param>
            <param index="2">
              <value>
                <![CDATA[admin]]>
              </value>
            </param>
          </params>
          <reporter-output>
          </reporter-output>
        </test-method> <!-- iteration4 -->
        <test-method status="PASS" signature="iteration4(java.lang.String,java.lang.String,java.lang.String)[pri:0, instance:qa.tests.Iteration4Test@2a742aa2]" name="iteration4" duration-ms="185" started-at="2021-09-10T04:20:11 EDT" data-provider="iteration1DataProvider" finished-at="2021-09-10T04:20:11 EDT">
          <params>
            <param index="0">
              <value>
                <![CDATA[1aa  %^&*]]>
              </value>
            </param>
            <param index="1">
              <value>
                <![CDATA[F]]>
              </value>
            </param>
            <param index="2">
              <value>
                <![CDATA[admin]]>
              </value>
            </param>
          </params>
          <reporter-output>
          </reporter-output>
        </test-method> <!-- iteration4 -->
        <test-method status="PASS" signature="iteration4(java.lang.String,java.lang.String,java.lang.String)[pri:0, instance:qa.tests.Iteration4Test@2a742aa2]" name="iteration4" duration-ms="199" started-at="2021-09-10T04:20:11 EDT" data-provider="iteration1DataProvider" finished-at="2021-09-10T04:20:11 EDT">
          <params>
            <param index="0">
              <value>
                <![CDATA[11   ]]>
              </value>
            </param>
            <param index="1">
              <value>
                <![CDATA[F]]>
              </value>
            </param>
            <param index="2">
              <value>
                <![CDATA[normal]]>
              </value>
            </param>
          </params>
          <reporter-output>
          </reporter-output>
        </test-method> <!-- iteration4 -->
        <test-method status="PASS" signature="iteration4(java.lang.String,java.lang.String,java.lang.String)[pri:0, instance:qa.tests.Iteration4Test@2a742aa2]" name="iteration4" duration-ms="186" started-at="2021-09-10T04:20:11 EDT" data-provider="iteration1DataProvider" finished-at="2021-09-10T04:20:11 EDT">
          <params>
            <param index="0">
              <value>
                <![CDATA[11      ]]>
              </value>
            </param>
            <param index="1">
              <value>
                <![CDATA[F]]>
              </value>
            </param>
            <param index="2">
              <value>
                <![CDATA[admin]]>
              </value>
            </param>
          </params>
          <reporter-output>
          </reporter-output>
        </test-method> <!-- iteration4 -->
        <test-method status="PASS" signature="iteration4(java.lang.String,java.lang.String,java.lang.String)[pri:0, instance:qa.tests.Iteration4Test@2a742aa2]" name="iteration4" duration-ms="179" started-at="2021-09-10T04:20:11 EDT" data-provider="iteration1DataProvider" finished-at="2021-09-10T04:20:11 EDT">
          <params>
            <param index="0">
              <value>
                <![CDATA[11     !]]>
              </value>
            </param>
            <param index="1">
              <value>
                <![CDATA[F]]>
              </value>
            </param>
            <param index="2">
              <value>
                <![CDATA[admin]]>
              </value>
            </param>
          </params>
          <reporter-output>
          </reporter-output>
        </test-method> <!-- iteration4 -->
        <test-method status="PASS" signature="iteration4(java.lang.String,java.lang.String,java.lang.String)[pri:0, instance:qa.tests.Iteration4Test@2a742aa2]" name="iteration4" duration-ms="183" started-at="2021-09-10T04:20:11 EDT" data-provider="iteration1DataProvider" finished-at="2021-09-10T04:20:12 EDT">
          <params>
            <param index="0">
              <value>
                <![CDATA[11   @#$]]>
              </value>
            </param>
            <param index="1">
              <value>
                <![CDATA[F]]>
              </value>
            </param>
            <param index="2">
              <value>
                <![CDATA[admin]]>
              </value>
            </param>
          </params>
          <reporter-output>
          </reporter-output>
        </test-method> <!-- iteration4 -->
        <test-method status="PASS" signature="iteration4(java.lang.String,java.lang.String,java.lang.String)[pri:0, instance:qa.tests.Iteration4Test@2a742aa2]" name="iteration4" duration-ms="184" started-at="2021-09-10T04:20:12 EDT" data-provider="iteration1DataProvider" finished-at="2021-09-10T04:20:12 EDT">
          <params>
            <param index="0">
              <value>
                <![CDATA[11  %^&*]]>
              </value>
            </param>
            <param index="1">
              <value>
                <![CDATA[F]]>
              </value>
            </param>
            <param index="2">
              <value>
                <![CDATA[admin]]>
              </value>
            </param>
          </params>
          <reporter-output>
          </reporter-output>
        </test-method> <!-- iteration4 -->
        <test-method status="PASS" signature="iteration4(java.lang.String,java.lang.String,java.lang.String)[pri:0, instance:qa.tests.Iteration4Test@2a742aa2]" name="iteration4" duration-ms="203" started-at="2021-09-10T04:20:12 EDT" data-provider="iteration1DataProvider" finished-at="2021-09-10T04:20:12 EDT">
          <params>
            <param index="0">
              <value>
                <![CDATA[11a   ]]>
              </value>
            </param>
            <param index="1">
              <value>
                <![CDATA[F]]>
              </value>
            </param>
            <param index="2">
              <value>
                <![CDATA[normal]]>
              </value>
            </param>
          </params>
          <reporter-output>
          </reporter-output>
        </test-method> <!-- iteration4 -->
        <test-method status="PASS" signature="iteration4(java.lang.String,java.lang.String,java.lang.String)[pri:0, instance:qa.tests.Iteration4Test@2a742aa2]" name="iteration4" duration-ms="195" started-at="2021-09-10T04:20:12 EDT" data-provider="iteration1DataProvider" finished-at="2021-09-10T04:20:12 EDT">
          <params>
            <param index="0">
              <value>
                <![CDATA[11a      ]]>
              </value>
            </param>
            <param index="1">
              <value>
                <![CDATA[F]]>
              </value>
            </param>
            <param index="2">
              <value>
                <![CDATA[admin]]>
              </value>
            </param>
          </params>
          <reporter-output>
          </reporter-output>
        </test-method> <!-- iteration4 -->
        <test-method status="PASS" signature="iteration4(java.lang.String,java.lang.String,java.lang.String)[pri:0, instance:qa.tests.Iteration4Test@2a742aa2]" name="iteration4" duration-ms="186" started-at="2021-09-10T04:20:12 EDT" data-provider="iteration1DataProvider" finished-at="2021-09-10T04:20:12 EDT">
          <params>
            <param index="0">
              <value>
                <![CDATA[11a     !]]>
              </value>
            </param>
            <param index="1">
              <value>
                <![CDATA[F]]>
              </value>
            </param>
            <param index="2">
              <value>
                <![CDATA[admin]]>
              </value>
            </param>
          </params>
          <reporter-output>
          </reporter-output>
        </test-method> <!-- iteration4 -->
        <test-method status="PASS" signature="iteration4(java.lang.String,java.lang.String,java.lang.String)[pri:0, instance:qa.tests.Iteration4Test@2a742aa2]" name="iteration4" duration-ms="185" started-at="2021-09-10T04:20:12 EDT" data-provider="iteration1DataProvider" finished-at="2021-09-10T04:20:13 EDT">
          <params>
            <param index="0">
              <value>
                <![CDATA[11a   @#$]]>
              </value>
            </param>
            <param index="1">
              <value>
                <![CDATA[F]]>
              </value>
            </param>
            <param index="2">
              <value>
                <![CDATA[admin]]>
              </value>
            </param>
          </params>
          <reporter-output>
          </reporter-output>
        </test-method> <!-- iteration4 -->
        <test-method status="PASS" signature="iteration4(java.lang.String,java.lang.String,java.lang.String)[pri:0, instance:qa.tests.Iteration4Test@2a742aa2]" name="iteration4" duration-ms="187" started-at="2021-09-10T04:20:13 EDT" data-provider="iteration1DataProvider" finished-at="2021-09-10T04:20:13 EDT">
          <params>
            <param index="0">
              <value>
                <![CDATA[11a  %^&*]]>
              </value>
            </param>
            <param index="1">
              <value>
                <![CDATA[F]]>
              </value>
            </param>
            <param index="2">
              <value>
                <![CDATA[admin]]>
              </value>
            </param>
          </params>
          <reporter-output>
          </reporter-output>
        </test-method> <!-- iteration4 -->
        <test-method status="PASS" signature="iteration4(java.lang.String,java.lang.String,java.lang.String)[pri:0, instance:qa.tests.Iteration4Test@2a742aa2]" name="iteration4" duration-ms="202" started-at="2021-09-10T04:20:13 EDT" data-provider="iteration1DataProvider" finished-at="2021-09-10T04:20:13 EDT">
          <params>
            <param index="0">
              <value>
                <![CDATA[11aa   ]]>
              </value>
            </param>
            <param index="1">
              <value>
                <![CDATA[F]]>
              </value>
            </param>
            <param index="2">
              <value>
                <![CDATA[normal]]>
              </value>
            </param>
          </params>
          <reporter-output>
          </reporter-output>
        </test-method> <!-- iteration4 -->
        <test-method status="PASS" signature="iteration4(java.lang.String,java.lang.String,java.lang.String)[pri:0, instance:qa.tests.Iteration4Test@2a742aa2]" name="iteration4" duration-ms="203" started-at="2021-09-10T04:20:13 EDT" data-provider="iteration1DataProvider" finished-at="2021-09-10T04:20:13 EDT">
          <params>
            <param index="0">
              <value>
                <![CDATA[11aa      ]]>
              </value>
            </param>
            <param index="1">
              <value>
                <![CDATA[F]]>
              </value>
            </param>
            <param index="2">
              <value>
                <![CDATA[admin]]>
              </value>
            </param>
          </params>
          <reporter-output>
          </reporter-output>
        </test-method> <!-- iteration4 -->
        <test-method status="PASS" signature="iteration4(java.lang.String,java.lang.String,java.lang.String)[pri:0, instance:qa.tests.Iteration4Test@2a742aa2]" name="iteration4" duration-ms="202" started-at="2021-09-10T04:20:13 EDT" data-provider="iteration1DataProvider" finished-at="2021-09-10T04:20:13 EDT">
          <params>
            <param index="0">
              <value>
                <![CDATA[11aa     !]]>
              </value>
            </param>
            <param index="1">
              <value>
                <![CDATA[F]]>
              </value>
            </param>
            <param index="2">
              <value>
                <![CDATA[admin]]>
              </value>
            </param>
          </params>
          <reporter-output>
          </reporter-output>
        </test-method> <!-- iteration4 -->
        <test-method status="PASS" signature="iteration4(java.lang.String,java.lang.String,java.lang.String)[pri:0, instance:qa.tests.Iteration4Test@2a742aa2]" name="iteration4" duration-ms="201" started-at="2021-09-10T04:20:13 EDT" data-provider="iteration1DataProvider" finished-at="2021-09-10T04:20:14 EDT">
          <params>
            <param index="0">
              <value>
                <![CDATA[11aa   @#$]]>
              </value>
            </param>
            <param index="1">
              <value>
                <![CDATA[F]]>
              </value>
            </param>
            <param index="2">
              <value>
                <![CDATA[admin]]>
              </value>
            </param>
          </params>
          <reporter-output>
          </reporter-output>
        </test-method> <!-- iteration4 -->
        <test-method status="PASS" signature="iteration4(java.lang.String,java.lang.String,java.lang.String)[pri:0, instance:qa.tests.Iteration4Test@2a742aa2]" name="iteration4" duration-ms="187" started-at="2021-09-10T04:20:14 EDT" data-provider="iteration1DataProvider" finished-at="2021-09-10T04:20:14 EDT">
          <params>
            <param index="0">
              <value>
                <![CDATA[11aa  %^&*]]>
              </value>
            </param>
            <param index="1">
              <value>
                <![CDATA[F]]>
              </value>
            </param>
            <param index="2">
              <value>
                <![CDATA[admin]]>
              </value>
            </param>
          </params>
          <reporter-output>
          </reporter-output>
        </test-method> <!-- iteration4 -->
        <test-method status="PASS" signature="iteration4(java.lang.String,java.lang.String,java.lang.String)[pri:0, instance:qa.tests.Iteration4Test@2a742aa2]" name="iteration4" duration-ms="199" started-at="2021-09-10T04:20:14 EDT" data-provider="iteration1DataProvider" finished-at="2021-09-10T04:20:14 EDT">
          <params>
            <param index="0">
              <value>
                <![CDATA[          ]]>
              </value>
            </param>
            <param index="1">
              <value>
                <![CDATA[F]]>
              </value>
            </param>
            <param index="2">
              <value>
                <![CDATA[normal]]>
              </value>
            </param>
          </params>
          <reporter-output>
          </reporter-output>
        </test-method> <!-- iteration4 -->
        <test-method status="PASS" signature="iteration4(java.lang.String,java.lang.String,java.lang.String)[pri:0, instance:qa.tests.Iteration4Test@2a742aa2]" name="iteration4" duration-ms="203" started-at="2021-09-10T04:20:14 EDT" data-provider="iteration1DataProvider" finished-at="2021-09-10T04:20:14 EDT">
          <params>
            <param index="0">
              <value>
                <![CDATA[             ]]>
              </value>
            </param>
            <param index="1">
              <value>
                <![CDATA[F]]>
              </value>
            </param>
            <param index="2">
              <value>
                <![CDATA[admin]]>
              </value>
            </param>
          </params>
          <reporter-output>
          </reporter-output>
        </test-method> <!-- iteration4 -->
        <test-method status="PASS" signature="iteration4(java.lang.String,java.lang.String,java.lang.String)[pri:0, instance:qa.tests.Iteration4Test@2a742aa2]" name="iteration4" duration-ms="202" started-at="2021-09-10T04:20:14 EDT" data-provider="iteration1DataProvider" finished-at="2021-09-10T04:20:14 EDT">
          <params>
            <param index="0">
              <value>
                <![CDATA[            !]]>
              </value>
            </param>
            <param index="1">
              <value>
                <![CDATA[F]]>
              </value>
            </param>
            <param index="2">
              <value>
                <![CDATA[admin]]>
              </value>
            </param>
          </params>
          <reporter-output>
          </reporter-output>
        </test-method> <!-- iteration4 -->
        <test-method status="PASS" signature="iteration4(java.lang.String,java.lang.String,java.lang.String)[pri:0, instance:qa.tests.Iteration4Test@2a742aa2]" name="iteration4" duration-ms="184" started-at="2021-09-10T04:20:14 EDT" data-provider="iteration1DataProvider" finished-at="2021-09-10T04:20:15 EDT">
          <params>
            <param index="0">
              <value>
                <![CDATA[          @#$]]>
              </value>
            </param>
            <param index="1">
              <value>
                <![CDATA[F]]>
              </value>
            </param>
            <param index="2">
              <value>
                <![CDATA[admin]]>
              </value>
            </param>
          </params>
          <reporter-output>
          </reporter-output>
        </test-method> <!-- iteration4 -->
        <test-method status="PASS" signature="iteration4(java.lang.String,java.lang.String,java.lang.String)[pri:0, instance:qa.tests.Iteration4Test@2a742aa2]" name="iteration4" duration-ms="202" started-at="2021-09-10T04:20:15 EDT" data-provider="iteration1DataProvider" finished-at="2021-09-10T04:20:15 EDT">
          <params>
            <param index="0">
              <value>
                <![CDATA[         %^&*]]>
              </value>
            </param>
            <param index="1">
              <value>
                <![CDATA[F]]>
              </value>
            </param>
            <param index="2">
              <value>
                <![CDATA[admin]]>
              </value>
            </param>
          </params>
          <reporter-output>
          </reporter-output>
        </test-method> <!-- iteration4 -->
        <test-method status="PASS" signature="iteration4(java.lang.String,java.lang.String,java.lang.String)[pri:0, instance:qa.tests.Iteration4Test@2a742aa2]" name="iteration4" duration-ms="201" started-at="2021-09-10T04:20:15 EDT" data-provider="iteration1DataProvider" finished-at="2021-09-10T04:20:15 EDT">
          <params>
            <param index="0">
              <value>
                <![CDATA[a         ]]>
              </value>
            </param>
            <param index="1">
              <value>
                <![CDATA[F]]>
              </value>
            </param>
            <param index="2">
              <value>
                <![CDATA[normal]]>
              </value>
            </param>
          </params>
          <reporter-output>
          </reporter-output>
        </test-method> <!-- iteration4 -->
        <test-method status="PASS" signature="iteration4(java.lang.String,java.lang.String,java.lang.String)[pri:0, instance:qa.tests.Iteration4Test@2a742aa2]" name="iteration4" duration-ms="186" started-at="2021-09-10T04:20:15 EDT" data-provider="iteration1DataProvider" finished-at="2021-09-10T04:20:15 EDT">
          <params>
            <param index="0">
              <value>
                <![CDATA[a            ]]>
              </value>
            </param>
            <param index="1">
              <value>
                <![CDATA[F]]>
              </value>
            </param>
            <param index="2">
              <value>
                <![CDATA[admin]]>
              </value>
            </param>
          </params>
          <reporter-output>
          </reporter-output>
        </test-method> <!-- iteration4 -->
        <test-method status="PASS" signature="iteration4(java.lang.String,java.lang.String,java.lang.String)[pri:0, instance:qa.tests.Iteration4Test@2a742aa2]" name="iteration4" duration-ms="171" started-at="2021-09-10T04:20:15 EDT" data-provider="iteration1DataProvider" finished-at="2021-09-10T04:20:15 EDT">
          <params>
            <param index="0">
              <value>
                <![CDATA[a           !]]>
              </value>
            </param>
            <param index="1">
              <value>
                <![CDATA[F]]>
              </value>
            </param>
            <param index="2">
              <value>
                <![CDATA[admin]]>
              </value>
            </param>
          </params>
          <reporter-output>
          </reporter-output>
        </test-method> <!-- iteration4 -->
        <test-method status="PASS" signature="iteration4(java.lang.String,java.lang.String,java.lang.String)[pri:0, instance:qa.tests.Iteration4Test@2a742aa2]" name="iteration4" duration-ms="170" started-at="2021-09-10T04:20:15 EDT" data-provider="iteration1DataProvider" finished-at="2021-09-10T04:20:15 EDT">
          <params>
            <param index="0">
              <value>
                <![CDATA[a         @#$]]>
              </value>
            </param>
            <param index="1">
              <value>
                <![CDATA[F]]>
              </value>
            </param>
            <param index="2">
              <value>
                <![CDATA[admin]]>
              </value>
            </param>
          </params>
          <reporter-output>
          </reporter-output>
        </test-method> <!-- iteration4 -->
        <test-method status="PASS" signature="iteration4(java.lang.String,java.lang.String,java.lang.String)[pri:0, instance:qa.tests.Iteration4Test@2a742aa2]" name="iteration4" duration-ms="189" started-at="2021-09-10T04:20:15 EDT" data-provider="iteration1DataProvider" finished-at="2021-09-10T04:20:16 EDT">
          <params>
            <param index="0">
              <value>
                <![CDATA[a        %^&*]]>
              </value>
            </param>
            <param index="1">
              <value>
                <![CDATA[F]]>
              </value>
            </param>
            <param index="2">
              <value>
                <![CDATA[admin]]>
              </value>
            </param>
          </params>
          <reporter-output>
          </reporter-output>
        </test-method> <!-- iteration4 -->
        <test-method status="PASS" signature="iteration4(java.lang.String,java.lang.String,java.lang.String)[pri:0, instance:qa.tests.Iteration4Test@2a742aa2]" name="iteration4" duration-ms="183" started-at="2021-09-10T04:20:16 EDT" data-provider="iteration1DataProvider" finished-at="2021-09-10T04:20:16 EDT">
          <params>
            <param index="0">
              <value>
                <![CDATA[aa        ]]>
              </value>
            </param>
            <param index="1">
              <value>
                <![CDATA[F]]>
              </value>
            </param>
            <param index="2">
              <value>
                <![CDATA[normal]]>
              </value>
            </param>
          </params>
          <reporter-output>
          </reporter-output>
        </test-method> <!-- iteration4 -->
        <test-method status="PASS" signature="iteration4(java.lang.String,java.lang.String,java.lang.String)[pri:0, instance:qa.tests.Iteration4Test@2a742aa2]" name="iteration4" duration-ms="186" started-at="2021-09-10T04:20:16 EDT" data-provider="iteration1DataProvider" finished-at="2021-09-10T04:20:16 EDT">
          <params>
            <param index="0">
              <value>
                <![CDATA[aa           ]]>
              </value>
            </param>
            <param index="1">
              <value>
                <![CDATA[F]]>
              </value>
            </param>
            <param index="2">
              <value>
                <![CDATA[admin]]>
              </value>
            </param>
          </params>
          <reporter-output>
          </reporter-output>
        </test-method> <!-- iteration4 -->
        <test-method status="PASS" signature="iteration4(java.lang.String,java.lang.String,java.lang.String)[pri:0, instance:qa.tests.Iteration4Test@2a742aa2]" name="iteration4" duration-ms="187" started-at="2021-09-10T04:20:16 EDT" data-provider="iteration1DataProvider" finished-at="2021-09-10T04:20:16 EDT">
          <params>
            <param index="0">
              <value>
                <![CDATA[aa          !]]>
              </value>
            </param>
            <param index="1">
              <value>
                <![CDATA[F]]>
              </value>
            </param>
            <param index="2">
              <value>
                <![CDATA[admin]]>
              </value>
            </param>
          </params>
          <reporter-output>
          </reporter-output>
        </test-method> <!-- iteration4 -->
        <test-method status="PASS" signature="iteration4(java.lang.String,java.lang.String,java.lang.String)[pri:0, instance:qa.tests.Iteration4Test@2a742aa2]" name="iteration4" duration-ms="187" started-at="2021-09-10T04:20:16 EDT" data-provider="iteration1DataProvider" finished-at="2021-09-10T04:20:16 EDT">
          <params>
            <param index="0">
              <value>
                <![CDATA[aa        @#$]]>
              </value>
            </param>
            <param index="1">
              <value>
                <![CDATA[F]]>
              </value>
            </param>
            <param index="2">
              <value>
                <![CDATA[admin]]>
              </value>
            </param>
          </params>
          <reporter-output>
          </reporter-output>
        </test-method> <!-- iteration4 -->
        <test-method status="PASS" signature="iteration4(java.lang.String,java.lang.String,java.lang.String)[pri:0, instance:qa.tests.Iteration4Test@2a742aa2]" name="iteration4" duration-ms="171" started-at="2021-09-10T04:20:16 EDT" data-provider="iteration1DataProvider" finished-at="2021-09-10T04:20:17 EDT">
          <params>
            <param index="0">
              <value>
                <![CDATA[aa       %^&*]]>
              </value>
            </param>
            <param index="1">
              <value>
                <![CDATA[F]]>
              </value>
            </param>
            <param index="2">
              <value>
                <![CDATA[admin]]>
              </value>
            </param>
          </params>
          <reporter-output>
          </reporter-output>
        </test-method> <!-- iteration4 -->
        <test-method status="PASS" signature="iteration4(java.lang.String,java.lang.String,java.lang.String)[pri:0, instance:qa.tests.Iteration4Test@2a742aa2]" name="iteration4" duration-ms="200" started-at="2021-09-10T04:20:17 EDT" data-provider="iteration1DataProvider" finished-at="2021-09-10T04:20:17 EDT">
          <params>
            <param index="0">
              <value>
                <![CDATA[1         ]]>
              </value>
            </param>
            <param index="1">
              <value>
                <![CDATA[F]]>
              </value>
            </param>
            <param index="2">
              <value>
                <![CDATA[normal]]>
              </value>
            </param>
          </params>
          <reporter-output>
          </reporter-output>
        </test-method> <!-- iteration4 -->
        <test-method status="PASS" signature="iteration4(java.lang.String,java.lang.String,java.lang.String)[pri:0, instance:qa.tests.Iteration4Test@2a742aa2]" name="iteration4" duration-ms="188" started-at="2021-09-10T04:20:17 EDT" data-provider="iteration1DataProvider" finished-at="2021-09-10T04:20:17 EDT">
          <params>
            <param index="0">
              <value>
                <![CDATA[1            ]]>
              </value>
            </param>
            <param index="1">
              <value>
                <![CDATA[F]]>
              </value>
            </param>
            <param index="2">
              <value>
                <![CDATA[admin]]>
              </value>
            </param>
          </params>
          <reporter-output>
          </reporter-output>
        </test-method> <!-- iteration4 -->
        <test-method status="PASS" signature="iteration4(java.lang.String,java.lang.String,java.lang.String)[pri:0, instance:qa.tests.Iteration4Test@2a742aa2]" name="iteration4" duration-ms="171" started-at="2021-09-10T04:20:17 EDT" data-provider="iteration1DataProvider" finished-at="2021-09-10T04:20:17 EDT">
          <params>
            <param index="0">
              <value>
                <![CDATA[1           !]]>
              </value>
            </param>
            <param index="1">
              <value>
                <![CDATA[F]]>
              </value>
            </param>
            <param index="2">
              <value>
                <![CDATA[admin]]>
              </value>
            </param>
          </params>
          <reporter-output>
          </reporter-output>
        </test-method> <!-- iteration4 -->
        <test-method status="PASS" signature="iteration4(java.lang.String,java.lang.String,java.lang.String)[pri:0, instance:qa.tests.Iteration4Test@2a742aa2]" name="iteration4" duration-ms="184" started-at="2021-09-10T04:20:17 EDT" data-provider="iteration1DataProvider" finished-at="2021-09-10T04:20:17 EDT">
          <params>
            <param index="0">
              <value>
                <![CDATA[1         @#$]]>
              </value>
            </param>
            <param index="1">
              <value>
                <![CDATA[F]]>
              </value>
            </param>
            <param index="2">
              <value>
                <![CDATA[admin]]>
              </value>
            </param>
          </params>
          <reporter-output>
          </reporter-output>
        </test-method> <!-- iteration4 -->
        <test-method status="PASS" signature="iteration4(java.lang.String,java.lang.String,java.lang.String)[pri:0, instance:qa.tests.Iteration4Test@2a742aa2]" name="iteration4" duration-ms="186" started-at="2021-09-10T04:20:17 EDT" data-provider="iteration1DataProvider" finished-at="2021-09-10T04:20:18 EDT">
          <params>
            <param index="0">
              <value>
                <![CDATA[1        %^&*]]>
              </value>
            </param>
            <param index="1">
              <value>
                <![CDATA[F]]>
              </value>
            </param>
            <param index="2">
              <value>
                <![CDATA[admin]]>
              </value>
            </param>
          </params>
          <reporter-output>
          </reporter-output>
        </test-method> <!-- iteration4 -->
        <test-method status="PASS" signature="iteration4(java.lang.String,java.lang.String,java.lang.String)[pri:0, instance:qa.tests.Iteration4Test@2a742aa2]" name="iteration4" duration-ms="200" started-at="2021-09-10T04:20:18 EDT" data-provider="iteration1DataProvider" finished-at="2021-09-10T04:20:18 EDT">
          <params>
            <param index="0">
              <value>
                <![CDATA[1a        ]]>
              </value>
            </param>
            <param index="1">
              <value>
                <![CDATA[T]]>
              </value>
            </param>
            <param index="2">
              <value>
                <![CDATA[normal]]>
              </value>
            </param>
          </params>
          <reporter-output>
          </reporter-output>
        </test-method> <!-- iteration4 -->
        <test-method status="PASS" signature="iteration4(java.lang.String,java.lang.String,java.lang.String)[pri:0, instance:qa.tests.Iteration4Test@2a742aa2]" name="iteration4" duration-ms="186" started-at="2021-09-10T04:20:18 EDT" data-provider="iteration1DataProvider" finished-at="2021-09-10T04:20:18 EDT">
          <params>
            <param index="0">
              <value>
                <![CDATA[1a           ]]>
              </value>
            </param>
            <param index="1">
              <value>
                <![CDATA[F]]>
              </value>
            </param>
            <param index="2">
              <value>
                <![CDATA[admin]]>
              </value>
            </param>
          </params>
          <reporter-output>
          </reporter-output>
        </test-method> <!-- iteration4 -->
        <test-method status="PASS" signature="iteration4(java.lang.String,java.lang.String,java.lang.String)[pri:0, instance:qa.tests.Iteration4Test@2a742aa2]" name="iteration4" duration-ms="186" started-at="2021-09-10T04:20:18 EDT" data-provider="iteration1DataProvider" finished-at="2021-09-10T04:20:18 EDT">
          <params>
            <param index="0">
              <value>
                <![CDATA[1a          !]]>
              </value>
            </param>
            <param index="1">
              <value>
                <![CDATA[F]]>
              </value>
            </param>
            <param index="2">
              <value>
                <![CDATA[admin]]>
              </value>
            </param>
          </params>
          <reporter-output>
          </reporter-output>
        </test-method> <!-- iteration4 -->
        <test-method status="PASS" signature="iteration4(java.lang.String,java.lang.String,java.lang.String)[pri:0, instance:qa.tests.Iteration4Test@2a742aa2]" name="iteration4" duration-ms="171" started-at="2021-09-10T04:20:18 EDT" data-provider="iteration1DataProvider" finished-at="2021-09-10T04:20:18 EDT">
          <params>
            <param index="0">
              <value>
                <![CDATA[1a        @#$]]>
              </value>
            </param>
            <param index="1">
              <value>
                <![CDATA[T]]>
              </value>
            </param>
            <param index="2">
              <value>
                <![CDATA[admin]]>
              </value>
            </param>
          </params>
          <reporter-output>
          </reporter-output>
        </test-method> <!-- iteration4 -->
        <test-method status="PASS" signature="iteration4(java.lang.String,java.lang.String,java.lang.String)[pri:0, instance:qa.tests.Iteration4Test@2a742aa2]" name="iteration4" duration-ms="185" started-at="2021-09-10T04:20:18 EDT" data-provider="iteration1DataProvider" finished-at="2021-09-10T04:20:18 EDT">
          <params>
            <param index="0">
              <value>
                <![CDATA[1a       %^&*]]>
              </value>
            </param>
            <param index="1">
              <value>
                <![CDATA[T]]>
              </value>
            </param>
            <param index="2">
              <value>
                <![CDATA[admin]]>
              </value>
            </param>
          </params>
          <reporter-output>
          </reporter-output>
        </test-method> <!-- iteration4 -->
        <test-method status="PASS" signature="iteration4(java.lang.String,java.lang.String,java.lang.String)[pri:0, instance:qa.tests.Iteration4Test@2a742aa2]" name="iteration4" duration-ms="202" started-at="2021-09-10T04:20:18 EDT" data-provider="iteration1DataProvider" finished-at="2021-09-10T04:20:19 EDT">
          <params>
            <param index="0">
              <value>
                <![CDATA[1aa       ]]>
              </value>
            </param>
            <param index="1">
              <value>
                <![CDATA[T]]>
              </value>
            </param>
            <param index="2">
              <value>
                <![CDATA[normal]]>
              </value>
            </param>
          </params>
          <reporter-output>
          </reporter-output>
        </test-method> <!-- iteration4 -->
        <test-method status="PASS" signature="iteration4(java.lang.String,java.lang.String,java.lang.String)[pri:0, instance:qa.tests.Iteration4Test@2a742aa2]" name="iteration4" duration-ms="199" started-at="2021-09-10T04:20:19 EDT" data-provider="iteration1DataProvider" finished-at="2021-09-10T04:20:19 EDT">
          <params>
            <param index="0">
              <value>
                <![CDATA[1aa          ]]>
              </value>
            </param>
            <param index="1">
              <value>
                <![CDATA[F]]>
              </value>
            </param>
            <param index="2">
              <value>
                <![CDATA[admin]]>
              </value>
            </param>
          </params>
          <reporter-output>
          </reporter-output>
        </test-method> <!-- iteration4 -->
        <test-method status="PASS" signature="iteration4(java.lang.String,java.lang.String,java.lang.String)[pri:0, instance:qa.tests.Iteration4Test@2a742aa2]" name="iteration4" duration-ms="184" started-at="2021-09-10T04:20:19 EDT" data-provider="iteration1DataProvider" finished-at="2021-09-10T04:20:19 EDT">
          <params>
            <param index="0">
              <value>
                <![CDATA[1aa         !]]>
              </value>
            </param>
            <param index="1">
              <value>
                <![CDATA[F]]>
              </value>
            </param>
            <param index="2">
              <value>
                <![CDATA[admin]]>
              </value>
            </param>
          </params>
          <reporter-output>
          </reporter-output>
        </test-method> <!-- iteration4 -->
        <test-method status="PASS" signature="iteration4(java.lang.String,java.lang.String,java.lang.String)[pri:0, instance:qa.tests.Iteration4Test@2a742aa2]" name="iteration4" duration-ms="172" started-at="2021-09-10T04:20:19 EDT" data-provider="iteration1DataProvider" finished-at="2021-09-10T04:20:19 EDT">
          <params>
            <param index="0">
              <value>
                <![CDATA[1aa       @#$]]>
              </value>
            </param>
            <param index="1">
              <value>
                <![CDATA[T]]>
              </value>
            </param>
            <param index="2">
              <value>
                <![CDATA[admin]]>
              </value>
            </param>
          </params>
          <reporter-output>
          </reporter-output>
        </test-method> <!-- iteration4 -->
        <test-method status="PASS" signature="iteration4(java.lang.String,java.lang.String,java.lang.String)[pri:0, instance:qa.tests.Iteration4Test@2a742aa2]" name="iteration4" duration-ms="170" started-at="2021-09-10T04:20:19 EDT" data-provider="iteration1DataProvider" finished-at="2021-09-10T04:20:19 EDT">
          <params>
            <param index="0">
              <value>
                <![CDATA[1aa      %^&*]]>
              </value>
            </param>
            <param index="1">
              <value>
                <![CDATA[T]]>
              </value>
            </param>
            <param index="2">
              <value>
                <![CDATA[admin]]>
              </value>
            </param>
          </params>
          <reporter-output>
          </reporter-output>
        </test-method> <!-- iteration4 -->
        <test-method status="PASS" signature="iteration4(java.lang.String,java.lang.String,java.lang.String)[pri:0, instance:qa.tests.Iteration4Test@2a742aa2]" name="iteration4" duration-ms="187" started-at="2021-09-10T04:20:19 EDT" data-provider="iteration1DataProvider" finished-at="2021-09-10T04:20:20 EDT">
          <params>
            <param index="0">
              <value>
                <![CDATA[11        ]]>
              </value>
            </param>
            <param index="1">
              <value>
                <![CDATA[F]]>
              </value>
            </param>
            <param index="2">
              <value>
                <![CDATA[normal]]>
              </value>
            </param>
          </params>
          <reporter-output>
          </reporter-output>
        </test-method> <!-- iteration4 -->
        <test-method status="PASS" signature="iteration4(java.lang.String,java.lang.String,java.lang.String)[pri:0, instance:qa.tests.Iteration4Test@2a742aa2]" name="iteration4" duration-ms="201" started-at="2021-09-10T04:20:20 EDT" data-provider="iteration1DataProvider" finished-at="2021-09-10T04:20:20 EDT">
          <params>
            <param index="0">
              <value>
                <![CDATA[11           ]]>
              </value>
            </param>
            <param index="1">
              <value>
                <![CDATA[F]]>
              </value>
            </param>
            <param index="2">
              <value>
                <![CDATA[admin]]>
              </value>
            </param>
          </params>
          <reporter-output>
          </reporter-output>
        </test-method> <!-- iteration4 -->
        <test-method status="PASS" signature="iteration4(java.lang.String,java.lang.String,java.lang.String)[pri:0, instance:qa.tests.Iteration4Test@2a742aa2]" name="iteration4" duration-ms="171" started-at="2021-09-10T04:20:20 EDT" data-provider="iteration1DataProvider" finished-at="2021-09-10T04:20:20 EDT">
          <params>
            <param index="0">
              <value>
                <![CDATA[11          !]]>
              </value>
            </param>
            <param index="1">
              <value>
                <![CDATA[F]]>
              </value>
            </param>
            <param index="2">
              <value>
                <![CDATA[admin]]>
              </value>
            </param>
          </params>
          <reporter-output>
          </reporter-output>
        </test-method> <!-- iteration4 -->
        <test-method status="PASS" signature="iteration4(java.lang.String,java.lang.String,java.lang.String)[pri:0, instance:qa.tests.Iteration4Test@2a742aa2]" name="iteration4" duration-ms="173" started-at="2021-09-10T04:20:20 EDT" data-provider="iteration1DataProvider" finished-at="2021-09-10T04:20:20 EDT">
          <params>
            <param index="0">
              <value>
                <![CDATA[11        @#$]]>
              </value>
            </param>
            <param index="1">
              <value>
                <![CDATA[F]]>
              </value>
            </param>
            <param index="2">
              <value>
                <![CDATA[admin]]>
              </value>
            </param>
          </params>
          <reporter-output>
          </reporter-output>
        </test-method> <!-- iteration4 -->
        <test-method status="PASS" signature="iteration4(java.lang.String,java.lang.String,java.lang.String)[pri:0, instance:qa.tests.Iteration4Test@2a742aa2]" name="iteration4" duration-ms="169" started-at="2021-09-10T04:20:20 EDT" data-provider="iteration1DataProvider" finished-at="2021-09-10T04:20:20 EDT">
          <params>
            <param index="0">
              <value>
                <![CDATA[11       %^&*]]>
              </value>
            </param>
            <param index="1">
              <value>
                <![CDATA[F]]>
              </value>
            </param>
            <param index="2">
              <value>
                <![CDATA[admin]]>
              </value>
            </param>
          </params>
          <reporter-output>
          </reporter-output>
        </test-method> <!-- iteration4 -->
        <test-method status="PASS" signature="iteration4(java.lang.String,java.lang.String,java.lang.String)[pri:0, instance:qa.tests.Iteration4Test@2a742aa2]" name="iteration4" duration-ms="193" started-at="2021-09-10T04:20:20 EDT" data-provider="iteration1DataProvider" finished-at="2021-09-10T04:20:20 EDT">
          <params>
            <param index="0">
              <value>
                <![CDATA[11a       ]]>
              </value>
            </param>
            <param index="1">
              <value>
                <![CDATA[T]]>
              </value>
            </param>
            <param index="2">
              <value>
                <![CDATA[normal]]>
              </value>
            </param>
          </params>
          <reporter-output>
          </reporter-output>
        </test-method> <!-- iteration4 -->
        <test-method status="PASS" signature="iteration4(java.lang.String,java.lang.String,java.lang.String)[pri:0, instance:qa.tests.Iteration4Test@2a742aa2]" name="iteration4" duration-ms="209" started-at="2021-09-10T04:20:20 EDT" data-provider="iteration1DataProvider" finished-at="2021-09-10T04:20:21 EDT">
          <params>
            <param index="0">
              <value>
                <![CDATA[11a          ]]>
              </value>
            </param>
            <param index="1">
              <value>
                <![CDATA[F]]>
              </value>
            </param>
            <param index="2">
              <value>
                <![CDATA[admin]]>
              </value>
            </param>
          </params>
          <reporter-output>
          </reporter-output>
        </test-method> <!-- iteration4 -->
        <test-method status="PASS" signature="iteration4(java.lang.String,java.lang.String,java.lang.String)[pri:0, instance:qa.tests.Iteration4Test@2a742aa2]" name="iteration4" duration-ms="186" started-at="2021-09-10T04:20:21 EDT" data-provider="iteration1DataProvider" finished-at="2021-09-10T04:20:21 EDT">
          <params>
            <param index="0">
              <value>
                <![CDATA[11a         !]]>
              </value>
            </param>
            <param index="1">
              <value>
                <![CDATA[F]]>
              </value>
            </param>
            <param index="2">
              <value>
                <![CDATA[admin]]>
              </value>
            </param>
          </params>
          <reporter-output>
          </reporter-output>
        </test-method> <!-- iteration4 -->
        <test-method status="PASS" signature="iteration4(java.lang.String,java.lang.String,java.lang.String)[pri:0, instance:qa.tests.Iteration4Test@2a742aa2]" name="iteration4" duration-ms="203" started-at="2021-09-10T04:20:21 EDT" data-provider="iteration1DataProvider" finished-at="2021-09-10T04:20:21 EDT">
          <params>
            <param index="0">
              <value>
                <![CDATA[11a       @#$]]>
              </value>
            </param>
            <param index="1">
              <value>
                <![CDATA[T]]>
              </value>
            </param>
            <param index="2">
              <value>
                <![CDATA[admin]]>
              </value>
            </param>
          </params>
          <reporter-output>
          </reporter-output>
        </test-method> <!-- iteration4 -->
        <test-method status="PASS" signature="iteration4(java.lang.String,java.lang.String,java.lang.String)[pri:0, instance:qa.tests.Iteration4Test@2a742aa2]" name="iteration4" duration-ms="175" started-at="2021-09-10T04:20:21 EDT" data-provider="iteration1DataProvider" finished-at="2021-09-10T04:20:21 EDT">
          <params>
            <param index="0">
              <value>
                <![CDATA[11a      %^&*]]>
              </value>
            </param>
            <param index="1">
              <value>
                <![CDATA[T]]>
              </value>
            </param>
            <param index="2">
              <value>
                <![CDATA[admin]]>
              </value>
            </param>
          </params>
          <reporter-output>
          </reporter-output>
        </test-method> <!-- iteration4 -->
        <test-method status="PASS" signature="iteration4(java.lang.String,java.lang.String,java.lang.String)[pri:0, instance:qa.tests.Iteration4Test@2a742aa2]" name="iteration4" duration-ms="177" started-at="2021-09-10T04:20:21 EDT" data-provider="iteration1DataProvider" finished-at="2021-09-10T04:20:21 EDT">
          <params>
            <param index="0">
              <value>
                <![CDATA[11aa      ]]>
              </value>
            </param>
            <param index="1">
              <value>
                <![CDATA[T]]>
              </value>
            </param>
            <param index="2">
              <value>
                <![CDATA[normal]]>
              </value>
            </param>
          </params>
          <reporter-output>
          </reporter-output>
        </test-method> <!-- iteration4 -->
        <test-method status="PASS" signature="iteration4(java.lang.String,java.lang.String,java.lang.String)[pri:0, instance:qa.tests.Iteration4Test@2a742aa2]" name="iteration4" duration-ms="199" started-at="2021-09-10T04:20:21 EDT" data-provider="iteration1DataProvider" finished-at="2021-09-10T04:20:22 EDT">
          <params>
            <param index="0">
              <value>
                <![CDATA[11aa         ]]>
              </value>
            </param>
            <param index="1">
              <value>
                <![CDATA[F]]>
              </value>
            </param>
            <param index="2">
              <value>
                <![CDATA[admin]]>
              </value>
            </param>
          </params>
          <reporter-output>
          </reporter-output>
        </test-method> <!-- iteration4 -->
        <test-method status="PASS" signature="iteration4(java.lang.String,java.lang.String,java.lang.String)[pri:0, instance:qa.tests.Iteration4Test@2a742aa2]" name="iteration4" duration-ms="180" started-at="2021-09-10T04:20:22 EDT" data-provider="iteration1DataProvider" finished-at="2021-09-10T04:20:22 EDT">
          <params>
            <param index="0">
              <value>
                <![CDATA[11aa        !]]>
              </value>
            </param>
            <param index="1">
              <value>
                <![CDATA[F]]>
              </value>
            </param>
            <param index="2">
              <value>
                <![CDATA[admin]]>
              </value>
            </param>
          </params>
          <reporter-output>
          </reporter-output>
        </test-method> <!-- iteration4 -->
        <test-method status="PASS" signature="iteration4(java.lang.String,java.lang.String,java.lang.String)[pri:0, instance:qa.tests.Iteration4Test@2a742aa2]" name="iteration4" duration-ms="182" started-at="2021-09-10T04:20:22 EDT" data-provider="iteration1DataProvider" finished-at="2021-09-10T04:20:22 EDT">
          <params>
            <param index="0">
              <value>
                <![CDATA[11aa      @#$]]>
              </value>
            </param>
            <param index="1">
              <value>
                <![CDATA[T]]>
              </value>
            </param>
            <param index="2">
              <value>
                <![CDATA[admin]]>
              </value>
            </param>
          </params>
          <reporter-output>
          </reporter-output>
        </test-method> <!-- iteration4 -->
[...]
          <reporter-output>
          </reporter-output>
        </test-method> <!-- iteration4 -->
        <test-method status="PASS" signature="iteration4(java.lang.String,java.lang.String,java.lang.String)[pri:0, instance:qa.tests.Iteration4Test@2a742aa2]" name="iteration4" duration-ms="172" started-at="2021-09-10T04:20:26 EDT" data-provider="iteration1DataProvider" finished-at="2021-09-10T04:20:26 EDT">
          <params>
            <param index="0">
              <value>
                <![CDATA[1a           !]]>
              </value>
            </param>
            <param index="1">
              <value>
                <![CDATA[F]]>
              </value>
            </param>
            <param index="2">
              <value>
                <![CDATA[admin]]>
              </value>
            </param>
          </params>
          <reporter-output>
          </reporter-output>
        </test-method> <!-- iteration4 -->
        <test-method status="PASS" signature="iteration4(java.lang.String,java.lang.String,java.lang.String)[pri:0, instance:qa.tests.Iteration4Test@2a742aa2]" name="iteration4" duration-ms="187" started-at="2021-09-10T04:20:26 EDT" data-provider="iteration1DataProvider" finished-at="2021-09-10T04:20:27 EDT">
          <params>
            <param index="0">
              <value>
                <![CDATA[1a         @#$]]>
              </value>
            </param>
            <param index="1">
              <value>
                <![CDATA[T]]>
              </value>
            </param>
            <param index="2">
              <value>
                <![CDATA[admin]]>
              </value>
            </param>
          </params>
          <reporter-output>
          </reporter-output>
        </test-method> <!-- iteration4 -->
        <test-method status="PASS" signature="iteration4(java.lang.String,java.lang.String,java.lang.String)[pri:0, instance:qa.tests.Iteration4Test@2a742aa2]" name="iteration4" duration-ms="202" started-at="2021-09-10T04:20:27 EDT" data-provider="iteration1DataProvider" finished-at="2021-09-10T04:20:27 EDT">
          <params>
            <param index="0">
              <value>
                <![CDATA[1a        %^&*]]>
              </value>
            </param>
            <param index="1">
              <value>
                <![CDATA[T]]>
              </value>
            </param>
            <param index="2">
              <value>
                <![CDATA[admin]]>
              </value>
            </param>
          </params>
          <reporter-output>
          </reporter-output>
        </test-method> <!-- iteration4 -->
        <test-method status="PASS" signature="iteration4(java.lang.String,java.lang.String,java.lang.String)[pri:0, instance:qa.tests.Iteration4Test@2a742aa2]" name="iteration4" duration-ms="204" started-at="2021-09-10T04:20:27 EDT" data-provider="iteration1DataProvider" finished-at="2021-09-10T04:20:27 EDT">
          <params>
            <param index="0">
              <value>
                <![CDATA[1aa        ]]>
              </value>
            </param>
            <param index="1">
              <value>
                <![CDATA[T]]>
              </value>
            </param>
            <param index="2">
              <value>
                <![CDATA[normal]]>
              </value>
            </param>
          </params>
          <reporter-output>
          </reporter-output>
        </test-method> <!-- iteration4 -->
        <test-method status="PASS" signature="iteration4(java.lang.String,java.lang.String,java.lang.String)[pri:0, instance:qa.tests.Iteration4Test@2a742aa2]" name="iteration4" duration-ms="200" started-at="2021-09-10T04:20:27 EDT" data-provider="iteration1DataProvider" finished-at="2021-09-10T04:20:27 EDT">
          <params>
            <param index="0">
              <value>
                <![CDATA[1aa           ]]>
              </value>
            </param>
            <param index="1">
              <value>
                <![CDATA[F]]>
              </value>
            </param>
            <param index="2">
              <value>
                <![CDATA[admin]]>
              </value>
            </param>
          </params>
          <reporter-output>
          </reporter-output>
        </test-method> <!-- iteration4 -->
        <test-method status="PASS" signature="iteration4(java.lang.String,java.lang.String,java.lang.String)[pri:0, instance:qa.tests.Iteration4Test@2a742aa2]" name="iteration4" duration-ms="202" started-at="2021-09-10T04:20:27 EDT" data-provider="iteration1DataProvider" finished-at="2021-09-10T04:20:27 EDT">
          <params>
            <param index="0">
              <value>
                <![CDATA[1aa          !]]>
              </value>
            </param>
            <param index="1">
              <value>
                <![CDATA[F]]>
              </value>
            </param>
            <param index="2">
              <value>
                <![CDATA[admin]]>
              </value>
            </param>
          </params>
          <reporter-output>
          </reporter-output>
        </test-method> <!-- iteration4 -->
        <test-method status="PASS" signature="iteration4(java.lang.String,java.lang.String,java.lang.String)[pri:0, instance:qa.tests.Iteration4Test@2a742aa2]" name="iteration4" duration-ms="172" started-at="2021-09-10T04:20:27 EDT" data-provider="iteration1DataProvider" finished-at="2021-09-10T04:20:28 EDT">
          <params>
            <param index="0">
              <value>
                <![CDATA[1aa        @#$]]>
              </value>
            </param>
            <param index="1">
              <value>
                <![CDATA[T]]>
              </value>
            </param>
            <param index="2">
              <value>
                <![CDATA[admin]]>
              </value>
            </param>
          </params>
          <reporter-output>
          </reporter-output>
        </test-method> <!-- iteration4 -->
        <test-method status="PASS" signature="iteration4(java.lang.String,java.lang.String,java.lang.String)[pri:0, instance:qa.tests.Iteration4Test@2a742aa2]" name="iteration4" duration-ms="172" started-at="2021-09-10T04:20:28 EDT" data-provider="iteration1DataProvider" finished-at="2021-09-10T04:20:28 EDT">
          <params>
            <param index="0">
              <value>
                <![CDATA[1aa       %^&*]]>
              </value>
            </param>
            <param index="1">
              <value>
                <![CDATA[T]]>
              </value>
            </param>
            <param index="2">
              <value>
                <![CDATA[admin]]>
              </value>
            </param>
          </params>
          <reporter-output>
          </reporter-output>
        </test-method> <!-- iteration4 -->
        <test-method status="PASS" signature="iteration4(java.lang.String,java.lang.String,java.lang.String)[pri:0, instance:qa.tests.Iteration4Test@2a742aa2]" name="iteration4" duration-ms="201" started-at="2021-09-10T04:20:28 EDT" data-provider="iteration1DataProvider" finished-at="2021-09-10T04:20:28 EDT">
          <params>
            <param index="0">
              <value>
                <![CDATA[11         ]]>
              </value>
            </param>
            <param index="1">
              <value>
                <![CDATA[F]]>
              </value>
            </param>
            <param index="2">
              <value>
                <![CDATA[normal]]>
              </value>
            </param>
          </params>
          <reporter-output>
          </reporter-output>
        </test-method> <!-- iteration4 -->
        <test-method status="PASS" signature="iteration4(java.lang.String,java.lang.String,java.lang.String)[pri:0, instance:qa.tests.Iteration4Test@2a742aa2]" name="iteration4" duration-ms="201" started-at="2021-09-10T04:20:28 EDT" data-provider="iteration1DataProvider" finished-at="2021-09-10T04:20:28 EDT">
          <params>
            <param index="0">
              <value>
                <![CDATA[11            ]]>
              </value>
            </param>
            <param index="1">
              <value>
                <![CDATA[F]]>
              </value>
            </param>
            <param index="2">
              <value>
                <![CDATA[admin]]>
              </value>
            </param>
          </params>
          <reporter-output>
          </reporter-output>
        </test-method> <!-- iteration4 -->
        <test-method status="PASS" signature="iteration4(java.lang.String,java.lang.String,java.lang.String)[pri:0, instance:qa.tests.Iteration4Test@2a742aa2]" name="iteration4" duration-ms="170" started-at="2021-09-10T04:20:28 EDT" data-provider="iteration1DataProvider" finished-at="2021-09-10T04:20:28 EDT">
          <params>
            <param index="0">
              <value>
                <![CDATA[11           !]]>
              </value>
            </param>
            <param index="1">
              <value>
                <![CDATA[F]]>
              </value>
            </param>
            <param index="2">
              <value>
                <![CDATA[admin]]>
              </value>
            </param>
          </params>
          <reporter-output>
          </reporter-output>
        </test-method> <!-- iteration4 -->
        <test-method status="PASS" signature="iteration4(java.lang.String,java.lang.String,java.lang.String)[pri:0, instance:qa.tests.Iteration4Test@2a742aa2]" name="iteration4" duration-ms="171" started-at="2021-09-10T04:20:28 EDT" data-provider="iteration1DataProvider" finished-at="2021-09-10T04:20:29 EDT">
          <params>
            <param index="0">
              <value>
                <![CDATA[11         @#$]]>
              </value>
            </param>
            <param index="1">
              <value>
                <![CDATA[F]]>
              </value>
            </param>
            <param index="2">
              <value>
                <![CDATA[admin]]>
              </value>
            </param>
          </params>
          <reporter-output>
          </reporter-output>
        </test-method> <!-- iteration4 -->
        <test-method status="PASS" signature="iteration4(java.lang.String,java.lang.String,java.lang.String)[pri:0, instance:qa.tests.Iteration4Test@2a742aa2]" name="iteration4" duration-ms="185" started-at="2021-09-10T04:20:29 EDT" data-provider="iteration1DataProvider" finished-at="2021-09-10T04:20:29 EDT">
          <params>
            <param index="0">
              <value>
                <![CDATA[11        %^&*]]>
              </value>
            </param>
            <param index="1">
              <value>
                <![CDATA[F]]>
              </value>
            </param>
            <param index="2">
              <value>
                <![CDATA[admin]]>
              </value>
            </param>
          </params>
          <reporter-output>
          </reporter-output>
        </test-method> <!-- iteration4 -->
        <test-method status="PASS" signature="iteration4(java.lang.String,java.lang.String,java.lang.String)[pri:0, instance:qa.tests.Iteration4Test@2a742aa2]" name="iteration4" duration-ms="202" started-at="2021-09-10T04:20:29 EDT" data-provider="iteration1DataProvider" finished-at="2021-09-10T04:20:29 EDT">
          <params>
            <param index="0">
              <value>
                <![CDATA[11a        ]]>
              </value>
            </param>
            <param index="1">
              <value>
                <![CDATA[T]]>
              </value>
            </param>
            <param index="2">
              <value>
                <![CDATA[normal]]>
              </value>
            </param>
          </params>
          <reporter-output>
          </reporter-output>
        </test-method> <!-- iteration4 -->
        <test-method status="PASS" signature="iteration4(java.lang.String,java.lang.String,java.lang.String)[pri:0, instance:qa.tests.Iteration4Test@2a742aa2]" name="iteration4" duration-ms="201" started-at="2021-09-10T04:20:29 EDT" data-provider="iteration1DataProvider" finished-at="2021-09-10T04:20:29 EDT">
          <params>
            <param index="0">
              <value>
                <![CDATA[11a           ]]>
              </value>
            </param>
            <param index="1">
              <value>
                <![CDATA[F]]>
              </value>
            </param>
            <param index="2">
              <value>
                <![CDATA[admin]]>
              </value>
            </param>
          </params>
          <reporter-output>
          </reporter-output>
        </test-method> <!-- iteration4 -->
        <test-method status="PASS" signature="iteration4(java.lang.String,java.lang.String,java.lang.String)[pri:0, instance:qa.tests.Iteration4Test@2a742aa2]" name="iteration4" duration-ms="185" started-at="2021-09-10T04:20:29 EDT" data-provider="iteration1DataProvider" finished-at="2021-09-10T04:20:29 EDT">
          <params>
            <param index="0">
              <value>
                <![CDATA[11a          !]]>
              </value>
            </param>
            <param index="1">
              <value>
                <![CDATA[F]]>
              </value>
            </param>
            <param index="2">
              <value>
                <![CDATA[admin]]>
              </value>
            </param>
          </params>
          <reporter-output>
          </reporter-output>
        </test-method> <!-- iteration4 -->
        <test-method status="PASS" signature="iteration4(java.lang.String,java.lang.String,java.lang.String)[pri:0, instance:qa.tests.Iteration4Test@2a742aa2]" name="iteration4" duration-ms="170" started-at="2021-09-10T04:20:29 EDT" data-provider="iteration1DataProvider" finished-at="2021-09-10T04:20:29 EDT">
          <params>
            <param index="0">
              <value>
                <![CDATA[11a        @#$]]>
              </value>
            </param>
            <param index="1">
              <value>
                <![CDATA[T]]>
              </value>
            </param>
            <param index="2">
              <value>
                <![CDATA[admin]]>
              </value>
            </param>
          </params>
          <reporter-output>
          </reporter-output>
        </test-method> <!-- iteration4 -->
        <test-method status="PASS" signature="iteration4(java.lang.String,java.lang.String,java.lang.String)[pri:0, instance:qa.tests.Iteration4Test@2a742aa2]" name="iteration4" duration-ms="186" started-at="2021-09-10T04:20:29 EDT" data-provider="iteration1DataProvider" finished-at="2021-09-10T04:20:30 EDT">
          <params>
            <param index="0">
              <value>
                <![CDATA[11a       %^&*]]>
              </value>
            </param>
            <param index="1">
              <value>
                <![CDATA[T]]>
              </value>
            </param>
            <param index="2">
              <value>
                <![CDATA[admin]]>
              </value>
            </param>
          </params>
          <reporter-output>
          </reporter-output>
        </test-method> <!-- iteration4 -->
        <test-method status="PASS" signature="iteration4(java.lang.String,java.lang.String,java.lang.String)[pri:0, instance:qa.tests.Iteration4Test@2a742aa2]" name="iteration4" duration-ms="202" started-at="2021-09-10T04:20:30 EDT" data-provider="iteration1DataProvider" finished-at="2021-09-10T04:20:30 EDT">
          <params>
            <param index="0">
              <value>
                <![CDATA[11aa       ]]>
              </value>
            </param>
            <param index="1">
              <value>
                <![CDATA[T]]>
              </value>
            </param>
            <param index="2">
              <value>
                <![CDATA[normal]]>
              </value>
            </param>
          </params>
          <reporter-output>
          </reporter-output>
        </test-method> <!-- iteration4 -->
        <test-method status="PASS" signature="iteration4(java.lang.String,java.lang.String,java.lang.String)[pri:0, instance:qa.tests.Iteration4Test@2a742aa2]" name="iteration4" duration-ms="187" started-at="2021-09-10T04:20:30 EDT" data-provider="iteration1DataProvider" finished-at="2021-09-10T04:20:30 EDT">
          <params>
            <param index="0">
              <value>
                <![CDATA[11aa          ]]>
              </value>
            </param>
            <param index="1">
              <value>
                <![CDATA[F]]>
              </value>
            </param>
            <param index="2">
              <value>
                <![CDATA[admin]]>
              </value>
            </param>
          </params>
          <reporter-output>
          </reporter-output>
        </test-method> <!-- iteration4 -->
        <test-method status="PASS" signature="iteration4(java.lang.String,java.lang.String,java.lang.String)[pri:0, instance:qa.tests.Iteration4Test@2a742aa2]" name="iteration4" duration-ms="170" started-at="2021-09-10T04:20:30 EDT" data-provider="iteration1DataProvider" finished-at="2021-09-10T04:20:30 EDT">
          <params>
            <param index="0">
              <value>
                <![CDATA[11aa         !]]>
              </value>
            </param>
            <param index="1">
              <value>
                <![CDATA[F]]>
              </value>
            </param>
            <param index="2">
              <value>
                <![CDATA[admin]]>
              </value>
            </param>
          </params>
          <reporter-output>
          </reporter-output>
        </test-method> <!-- iteration4 -->
        <test-method status="PASS" signature="iteration4(java.lang.String,java.lang.String,java.lang.String)[pri:0, instance:qa.tests.Iteration4Test@2a742aa2]" name="iteration4" duration-ms="171" started-at="2021-09-10T04:20:30 EDT" data-provider="iteration1DataProvider" finished-at="2021-09-10T04:20:30 EDT">
          <params>
            <param index="0">
              <value>
                <![CDATA[11aa       @#$]]>
              </value>
            </param>
            <param index="1">
              <value>
                <![CDATA[T]]>
              </value>
            </param>
            <param index="2">
              <value>
                <![CDATA[admin]]>
              </value>
            </param>
          </params>
          <reporter-output>
          </reporter-output>
        </test-method> <!-- iteration4 -->
        <test-method status="PASS" signature="iteration4(java.lang.String,java.lang.String,java.lang.String)[pri:0, instance:qa.tests.Iteration4Test@2a742aa2]" name="iteration4" duration-ms="186" started-at="2021-09-10T04:20:30 EDT" data-provider="iteration1DataProvider" finished-at="2021-09-10T04:20:31 EDT">
          <params>
            <param index="0">
              <value>
                <![CDATA[11aa      %^&*]]>
              </value>
            </param>
            <param index="1">
              <value>
                <![CDATA[T]]>
              </value>
            </param>
            <param index="2">
              <value>
                <![CDATA[admin]]>
              </value>
            </param>
          </params>
          <reporter-output>
          </reporter-output>
        </test-method> <!-- iteration4 -->
        <test-method status="PASS" signature="closeApp()[pri:0, instance:qa.tests.Iteration4Test@2a742aa2]" name="closeApp" is-config="true" duration-ms="48" started-at="2021-09-10T04:20:31 EDT" finished-at="2021-09-10T04:20:31 EDT">
          <reporter-output>
          </reporter-output>
        </test-method> <!-- closeApp -->
      </class> <!-- qa.tests.Iteration4Test -->
    </test> <!-- Default test -->
  </suite> <!-- Default suite -->
</testng-results>
