<?xml version="1.0" encoding="UTF-8"?>
<!-- Generated by org.testng.reporters.JUnitXMLReporter -->
<testsuite hostname="DESKTOP-LJAIAAH" ignored="0" name="Default test" tests="140" failures="0" timestamp="2021-09-10T04:20:31 EDT" time="28.098" errors="0">
  <testcase name="iteration4" time="0.232" classname="qa.tests.Iteration4Test"/>
  <testcase name="iteration4" time="0.228" classname="qa.tests.Iteration4Test"/>
  <testcase name="iteration4" time="0.199" classname="qa.tests.Iteration4Test"/>
  <testcase name="iteration4" time="0.184" classname="qa.tests.Iteration4Test"/>
  <testcase name="iteration4" time="0.184" classname="qa.tests.Iteration4Test"/>
  <testcase name="iteration4" time="0.202" classname="qa.tests.Iteration4Test"/>
  <testcase name="iteration4" time="0.215" classname="qa.tests.Iteration4Test"/>
  <testcase name="iteration4" time="0.204" classname="qa.tests.Iteration4Test"/>
  <testcase name="iteration4" time="0.171" classname="qa.tests.Iteration4Test"/>
  <testcase name="iteration4" time="0.17" classname="qa.tests.Iteration4Test"/>
  <testcase name="iteration4" time="0.189" classname="qa.tests.Iteration4Test"/>
  <testcase name="iteration4" time="0.19" classname="qa.tests.Iteration4Test"/>
  <testcase name="iteration4" time="0.171" classname="qa.tests.Iteration4Test"/>
  <testcase name="iteration4" time="0.173" classname="qa.tests.Iteration4Test"/>
  <testcase name="iteration4" time="0.174" classname="qa.tests.Iteration4Test"/>
  <testcase name="iteration4" time="0.186" classname="qa.tests.Iteration4Test"/>
  <testcase name="iteration4" time="0.19" classname="qa.tests.Iteration4Test"/>
  <testcase name="iteration4" time="0.172" classname="qa.tests.Iteration4Test"/>
  <testcase name="iteration4" time="0.175" classname="qa.tests.Iteration4Test"/>
  <testcase name="iteration4" time="0.175" classname="qa.tests.Iteration4Test"/>
  <testcase name="iteration4" time="0.191" classname="qa.tests.Iteration4Test"/>
  <testcase name="iteration4" time="0.189" classname="qa.tests.Iteration4Test"/>
  <testcase name="iteration4" time="0.175" classname="qa.tests.Iteration4Test"/>
  <testcase name="iteration4" time="0.171" classname="qa.tests.Iteration4Test"/>
  <testcase name="iteration4" time="0.168" classname="qa.tests.Iteration4Test"/>
  <testcase name="iteration4" time="0.188" classname="qa.tests.Iteration4Test"/>
  <testcase name="iteration4" time="0.189" classname="qa.tests.Iteration4Test"/>
  <testcase name="iteration4" time="0.172" classname="qa.tests.Iteration4Test"/>
  <testcase name="iteration4" time="0.175" classname="qa.tests.Iteration4Test"/>
  <testcase name="iteration4" time="0.17" classname="qa.tests.Iteration4Test"/>
  <testcase name="iteration4" time="0.185" classname="qa.tests.Iteration4Test"/>
  <testcase name="iteration4" time="0.186" classname="qa.tests.Iteration4Test"/>
  <testcase name="iteration4" time="0.169" classname="qa.tests.Iteration4Test"/>
  <testcase name="iteration4" time="0.173" classname="qa.tests.Iteration4Test"/>
  <testcase name="iteration4" time="0.185" classname="qa.tests.Iteration4Test"/>
  <testcase name="iteration4" time="0.199" classname="qa.tests.Iteration4Test"/>
  <testcase name="iteration4" time="0.186" classname="qa.tests.Iteration4Test"/>
  <testcase name="iteration4" time="0.179" classname="qa.tests.Iteration4Test"/>
  <testcase name="iteration4" time="0.183" classname="qa.tests.Iteration4Test"/>
  <testcase name="iteration4" time="0.184" classname="qa.tests.Iteration4Test"/>
  <testcase name="iteration4" time="0.203" classname="qa.tests.Iteration4Test"/>
  <testcase name="iteration4" time="0.195" classname="qa.tests.Iteration4Test"/>
  <testcase name="iteration4" time="0.186" classname="qa.tests.Iteration4Test"/>
  <testcase name="iteration4" time="0.185" classname="qa.tests.Iteration4Test"/>
  <testcase name="iteration4" time="0.187" classname="qa.tests.Iteration4Test"/>
  <testcase name="iteration4" time="0.202" classname="qa.tests.Iteration4Test"/>
  <testcase name="iteration4" time="0.203" classname="qa.tests.Iteration4Test"/>
  <testcase name="iteration4" time="0.202" classname="qa.tests.Iteration4Test"/>
  <testcase name="iteration4" time="0.201" classname="qa.tests.Iteration4Test"/>
  <testcase name="iteration4" time="0.187" classname="qa.tests.Iteration4Test"/>
  <testcase name="iteration4" time="0.199" classname="qa.tests.Iteration4Test"/>
  <testcase name="iteration4" time="0.203" classname="qa.tests.Iteration4Test"/>
  <testcase name="iteration4" time="0.202" classname="qa.tests.Iteration4Test"/>
  <testcase name="iteration4" time="0.184" classname="qa.tests.Iteration4Test"/>
  <testcase name="iteration4" time="0.202" classname="qa.tests.Iteration4Test"/>
  <testcase name="iteration4" time="0.201" classname="qa.tests.Iteration4Test"/>
  <testcase name="iteration4" time="0.186" classname="qa.tests.Iteration4Test"/>
  <testcase name="iteration4" time="0.171" classname="qa.tests.Iteration4Test"/>
  <testcase name="iteration4" time="0.17" classname="qa.tests.Iteration4Test"/>
  <testcase name="iteration4" time="0.189" classname="qa.tests.Iteration4Test"/>
  <testcase name="iteration4" time="0.183" classname="qa.tests.Iteration4Test"/>
  <testcase name="iteration4" time="0.186" classname="qa.tests.Iteration4Test"/>
  <testcase name="iteration4" time="0.187" classname="qa.tests.Iteration4Test"/>
  <testcase name="iteration4" time="0.187" classname="qa.tests.Iteration4Test"/>
  <testcase name="iteration4" time="0.171" classname="qa.tests.Iteration4Test"/>
  <testcase name="iteration4" time="0.2" classname="qa.tests.Iteration4Test"/>
  <testcase name="iteration4" time="0.188" classname="qa.tests.Iteration4Test"/>
  <testcase name="iteration4" time="0.171" classname="qa.tests.Iteration4Test"/>
  <testcase name="iteration4" time="0.184" classname="qa.tests.Iteration4Test"/>
  <testcase name="iteration4" time="0.186" classname="qa.tests.Iteration4Test"/>
  <testcase name="iteration4" time="0.2" classname="qa.tests.Iteration4Test"/>
  <testcase name="iteration4" time="0.186" classname="qa.tests.Iteration4Test"/>
  <testcase name="iteration4" time="0.186" classname="qa.tests.Iteration4Test"/>
  <testcase name="iteration4" time="0.171" classname="qa.tests.Iteration4Test"/>
  <testcase name="iteration4" time="0.185" classname="qa.tests.Iteration4Test"/>
  <testcase name="iteration4" time="0.202" classname="qa.tests.Iteration4Test"/>
  <testcase name="iteration4" time="0.199" classname="qa.tests.Iteration4Test"/>
  <testcase name="iteration4" time="0.184" classname="qa.tests.Iteration4Test"/>
  <testcase name="iteration4" time="0.172" classname="qa.tests.Iteration4Test"/>
  <testcase name="iteration4" time="0.17" classname="qa.tests.Iteration4Test"/>
  <testcase name="iteration4" time="0.187" classname="qa.tests.Iteration4Test"/>
  <testcase name="iteration4" time="0.201" classname="qa.tests.Iteration4Test"/>
  <testcase name="iteration4" time="0.171" classname="qa.tests.Iteration4Test"/>
  <testcase name="iteration4" time="0.173" classname="qa.tests.Iteration4Test"/>
  <testcase name="iteration4" time="0.169" classname="qa.tests.Iteration4Test"/>
  <testcase name="iteration4" time="0.193" classname="qa.tests.Iteration4Test"/>
  <testcase name="iteration4" time="0.209" classname="qa.tests.Iteration4Test"/>
  <testcase name="iteration4" time="0.186" classname="qa.tests.Iteration4Test"/>
  <testcase name="iteration4" time="0.203" classname="qa.tests.Iteration4Test"/>
  <testcase name="iteration4" time="0.175" classname="qa.tests.Iteration4Test"/>
  <testcase name="iteration4" time="0.177" classname="qa.tests.Iteration4Test"/>
  <testcase name="iteration4" time="0.199" classname="qa.tests.Iteration4Test"/>
  <testcase name="iteration4" time="0.18" classname="qa.tests.Iteration4Test"/>
  <testcase name="iteration4" time="0.182" classname="qa.tests.Iteration4Test"/>
  <testcase name="iteration4" time="0.218" classname="qa.tests.Iteration4Test"/>
  <testcase name="iteration4" time="0.186" classname="qa.tests.Iteration4Test"/>
  <testcase name="iteration4" time="0.203" classname="qa.tests.Iteration4Test"/>
  <testcase name="iteration4" time="0.172" classname="qa.tests.Iteration4Test"/>
  <testcase name="iteration4" time="0.17" classname="qa.tests.Iteration4Test"/>
  <testcase name="iteration4" time="0.171" classname="qa.tests.Iteration4Test"/>
  <testcase name="iteration4" time="0.187" classname="qa.tests.Iteration4Test"/>
  <testcase name="iteration4" time="0.188" classname="qa.tests.Iteration4Test"/>
  <testcase name="iteration4" time="0.171" classname="qa.tests.Iteration4Test"/>
  <testcase name="iteration4" time="0.17" classname="qa.tests.Iteration4Test"/>
  <testcase name="iteration4" time="0.174" classname="qa.tests.Iteration4Test"/>
  <testcase name="iteration4" time="0.186" classname="qa.tests.Iteration4Test"/>
  <testcase name="iteration4" time="0.202" classname="qa.tests.Iteration4Test"/>
  <testcase name="iteration4" time="0.17" classname="qa.tests.Iteration4Test"/>
  <testcase name="iteration4" time="0.201" classname="qa.tests.Iteration4Test"/>
  <testcase name="iteration4" time="0.201" classname="qa.tests.Iteration4Test"/>
  <testcase name="iteration4" time="0.202" classname="qa.tests.Iteration4Test"/>
  <testcase name="iteration4" time="0.186" classname="qa.tests.Iteration4Test"/>
  <testcase name="iteration4" time="0.186" classname="qa.tests.Iteration4Test"/>
  <testcase name="iteration4" time="0.184" classname="qa.tests.Iteration4Test"/>
  <testcase name="iteration4" time="0.185" classname="qa.tests.Iteration4Test"/>
  <testcase name="iteration4" time="0.202" classname="qa.tests.Iteration4Test"/>
  <testcase name="iteration4" time="0.184" classname="qa.tests.Iteration4Test"/>
  <testcase name="iteration4" time="0.172" classname="qa.tests.Iteration4Test"/>
  <testcase name="iteration4" time="0.187" classname="qa.tests.Iteration4Test"/>
  <testcase name="iteration4" time="0.202" classname="qa.tests.Iteration4Test"/>
  <testcase name="iteration4" time="0.204" classname="qa.tests.Iteration4Test"/>
  <testcase name="iteration4" time="0.2" classname="qa.tests.Iteration4Test"/>
  <testcase name="iteration4" time="0.202" classname="qa.tests.Iteration4Test"/>
  <testcase name="iteration4" time="0.172" classname="qa.tests.Iteration4Test"/>
  <testcase name="iteration4" time="0.172" classname="qa.tests.Iteration4Test"/>
  <testcase name="iteration4" time="0.201" classname="qa.tests.Iteration4Test"/>
  <testcase name="iteration4" time="0.201" classname="qa.tests.Iteration4Test"/>
  <testcase name="iteration4" time="0.17" classname="qa.tests.Iteration4Test"/>
  <testcase name="iteration4" time="0.171" classname="qa.tests.Iteration4Test"/>
  <testcase name="iteration4" time="0.185" classname="qa.tests.Iteration4Test"/>
  <testcase name="iteration4" time="0.202" classname="qa.tests.Iteration4Test"/>
  <testcase name="iteration4" time="0.201" classname="qa.tests.Iteration4Test"/>
  <testcase name="iteration4" time="0.185" classname="qa.tests.Iteration4Test"/>
  <testcase name="iteration4" time="0.17" classname="qa.tests.Iteration4Test"/>
  <testcase name="iteration4" time="0.186" classname="qa.tests.Iteration4Test"/>
  <testcase name="iteration4" time="0.202" classname="qa.tests.Iteration4Test"/>
  <testcase name="iteration4" time="0.187" classname="qa.tests.Iteration4Test"/>
  <testcase name="iteration4" time="0.17" classname="qa.tests.Iteration4Test"/>
  <testcase name="iteration4" time="0.171" classname="qa.tests.Iteration4Test"/>
  <testcase name="iteration4" time="0.186" classname="qa.tests.Iteration4Test"/>
</testsuite> <!-- Default test -->
