<?xml version="1.0" encoding="UTF-8"?>
<!-- Generated by org.testng.reporters.JUnitXMLReporter -->
<testsuite hostname="DESKTOP-LJAIAAH" ignored="0" name="Default test" tests="28" failures="0" timestamp="2021-09-09T23:53:10 EDT" time="5.522" errors="0">
  <testcase name="iteration1" time="0.164" classname="qa.tests.Iteration1Test"/>
  <testcase name="iteration1" time="0.121" classname="qa.tests.Iteration1Test"/>
  <testcase name="iteration1" time="0.124" classname="qa.tests.Iteration1Test"/>
  <testcase name="iteration1" time="0.126" classname="qa.tests.Iteration1Test"/>
  <testcase name="iteration1" time="0.15" classname="qa.tests.Iteration1Test"/>
  <testcase name="iteration1" time="0.131" classname="qa.tests.Iteration1Test"/>
  <testcase name="iteration1" time="0.13" classname="qa.tests.Iteration1Test"/>
  <testcase name="iteration1" time="0.155" classname="qa.tests.Iteration1Test"/>
  <testcase name="iteration1" time="0.139" classname="qa.tests.Iteration1Test"/>
  <testcase name="iteration1" time="0.137" classname="qa.tests.Iteration1Test"/>
  <testcase name="iteration1" time="0.126" classname="qa.tests.Iteration1Test"/>
  <testcase name="iteration1" time="0.153" classname="qa.tests.Iteration1Test"/>
  <testcase name="iteration1" time="0.124" classname="qa.tests.Iteration1Test"/>
  <testcase name="iteration1" time="0.126" classname="qa.tests.Iteration1Test"/>
  <testcase name="iteration1" time="0.124" classname="qa.tests.Iteration1Test"/>
  <testcase name="iteration1" time="0.125" classname="qa.tests.Iteration1Test"/>
  <testcase name="iteration1" time="0.126" classname="qa.tests.Iteration1Test"/>
  <testcase name="iteration1" time="0.141" classname="qa.tests.Iteration1Test"/>
  <testcase name="iteration1" time="0.126" classname="qa.tests.Iteration1Test"/>
  <testcase name="iteration1" time="0.124" classname="qa.tests.Iteration1Test"/>
  <testcase name="iteration1" time="0.119" classname="qa.tests.Iteration1Test"/>
  <testcase name="iteration1" time="0.116" classname="qa.tests.Iteration1Test"/>
  <testcase name="iteration1" time="0.125" classname="qa.tests.Iteration1Test"/>
  <testcase name="iteration1" time="0.123" classname="qa.tests.Iteration1Test"/>
  <testcase name="iteration1" time="0.128" classname="qa.tests.Iteration1Test"/>
  <testcase name="iteration1" time="0.125" classname="qa.tests.Iteration1Test"/>
  <testcase name="iteration1" time="0.127" classname="qa.tests.Iteration1Test"/>
  <testcase name="iteration1" time="0.128" classname="qa.tests.Iteration1Test"/>
</testsuite> <!-- Default test -->
